PRT1
16
28
4 0 12 (0 0 128 ) (0 0 8 ) (96 0 8 ) (96 0 128 ) 
4 0 8 (96 0 8 ) (192 0 8 ) (192 0 128 ) (96 0 128 ) 
4 0 7 (0 0 8 ) (0 0 128 ) (0 192 128 ) (0 192 8 ) 
4 0 6 (88 0 8 ) (0 0 8 ) (0 56 8 ) (88 56 8 ) 
4 0 5 (192 48 8 ) (192 0 8 ) (96 0 8 ) (96 48 8 ) 
4 0 3 (192 88 8 ) (192 56 8 ) (88 56 8 ) (88 88 8 ) 
4 0 4 (88 56 8 ) (0 56 8 ) (0 96 8 ) (88 96 8 ) 
4 0 1 (192 192 8 ) (192 96 8 ) (96 96 8 ) (96 192 8 ) 
4 0 2 (88 96 8 ) (0 96 8 ) (0 192 8 ) (88 192 8 ) 
4 2 7 (0 96 8 ) (0 192 8 ) (0 192 0 ) (0 96 0 ) 
4 2 4 (0 96 0 ) (88 96 0 ) (88 96 8 ) (0 96 8 ) 
4 3 4 (88 88 0 ) (88 56 0 ) (88 56 8 ) (88 88 8 ) 
4 4 7 (0 56 8 ) (0 96 8 ) (0 96 0 ) (0 56 0 ) 
4 4 6 (0 56 0 ) (88 56 0 ) (88 56 8 ) (0 56 8 ) 
4 5 9 (192 0 1 ) (192 0 8 ) (96 0 8 ) (96 0 1 ) 
4 6 14 (0 0 8 ) (0 0 0 ) (88 0 0 ) (88 0 8 ) 
4 6 7 (0 0 0 ) (0 0 8 ) (0 56 8 ) (0 56 0 ) 
4 7 15 (0 0 0 ) (0 0 128 ) (-64 0 128 ) (-64 0 0 ) 
4 8 12 (96 -192 8 ) (96 -192 128 ) (96 0 128 ) (96 0 8 ) 
4 8 11 (192 -192 8 ) (96 -192 8 ) (96 -96 8 ) (192 -96 8 ) 
4 8 10 (96 -88 8 ) (96 -56 8 ) (192 -56 8 ) (192 -88 8 ) 
4 8 9 (96 -48 8 ) (96 0 8 ) (192 0 8 ) (192 -48 8 ) 
4 10 13 (96 -56 0 ) (96 -88 0 ) (96 -88 8 ) (96 -56 8 ) 
4 12 15 (0 0 128 ) (0 0 8 ) (0 -192 8 ) (0 -192 128 ) 
4 12 13 (88 -88 8 ) (88 -56 8 ) (96 -56 8 ) (96 -88 8 ) 
4 12 14 (88 -192 8 ) (0 -192 8 ) (0 0 8 ) (88 0 8 ) 
4 13 14 (88 -56 0 ) (88 -88 0 ) (88 -88 8 ) (88 -56 8 ) 
4 14 15 (0 0 8 ) (0 0 0 ) (0 -192 0 ) (0 -192 8 ) 
