PRT1
74
176
4 1 5 (2048 1024 -8 ) (2048 1024 736 ) (2048 1408 736 ) (2048 1408 -8 ) 
4 1 3 (2336 1024 -8 ) (2336 1024 4 ) (2048 1024 4 ) (2048 1024 -8 ) 
4 1 2 (2336 1024 4 ) (2336 1024 736 ) (2048 1024 736 ) (2048 1024 4 ) 
4 2 8 (2048 136 4 ) (2048 128 4 ) (2048 128 736 ) (2048 136 736 ) 
4 2 7 (2048 1024 736 ) (2048 1024 4 ) (2048 136 4 ) (2048 136 736 ) 
4 2 4 (2048 128 736 ) (2048 128 4 ) (2336 128 4 ) (2336 128 736 ) 
4 2 3 (2048 136 4 ) (2048 1024 4 ) (2336 1024 4 ) (2336 136 4 ) 
4 3 7 (2048 1024 4 ) (2048 1024 -8 ) (2048 136 -8 ) (2048 136 4 ) 
4 4 21 (2336 0 -4 ) (2336 0 736 ) (2048 0 736 ) (2048 0 -4 ) 
4 4 9 (2048 0 -4 ) (2048 0 736 ) (2048 128 736 ) (2048 128 -4 ) 
4 5 7 (2048 1024 -8 ) (2048 1024 736 ) (1024 1024 736 ) (1024 1024 -8 ) 
4 5 6 (1024 1024 -8 ) (1024 1024 736 ) (1024 1408 736 ) (1024 1408 -8 ) 
4 6 13 (0 1024 -8 ) (0 1024 736 ) (0 1408 736 ) (0 1408 -8 ) 
4 6 10 (1024 1024 -8 ) (1024 1024 736 ) (0 1024 736 ) (0 1024 -8 ) 
4 7 10 (1024 1024 736 ) (1024 1024 -8 ) (1024 136 -8 ) (1024 136 736 ) 
4 7 8 (2048 136 4 ) (2048 136 736 ) (1024 136 736 ) (1024 136 4 ) 
4 8 11 (1024 128 4 ) (1024 128 736 ) (1024 136 736 ) (1024 136 4 ) 
4 8 9 (1024 128 736 ) (1024 128 4 ) (2048 128 4 ) (2048 128 736 ) 
4 9 24 (2048 0 -4 ) (2048 0 736 ) (1024 0 736 ) (1024 0 -4 ) 
4 9 12 (1024 0 -4 ) (1024 0 736 ) (1024 128 736 ) (1024 128 -4 ) 
4 10 14 (0 1024 736 ) (0 1024 -8 ) (0 136 -8 ) (0 136 736 ) 
4 10 11 (1024 136 4 ) (1024 136 736 ) (0 136 736 ) (0 136 4 ) 
4 11 15 (0 128 4 ) (0 128 736 ) (0 136 736 ) (0 136 4 ) 
4 11 12 (0 128 736 ) (0 128 4 ) (1024 128 4 ) (1024 128 736 ) 
4 12 27 (1024 0 -4 ) (1024 0 736 ) (0 0 736 ) (0 0 -4 ) 
4 12 16 (0 0 -4 ) (0 0 736 ) (0 128 736 ) (0 128 -4 ) 
4 13 17 (-1024 1024 -8 ) (-1024 1024 736 ) (-1024 1408 736 ) (-1024 1408 -8 ) 
4 13 14 (0 1024 -8 ) (0 1024 736 ) (-1024 1024 736 ) (-1024 1024 -8 ) 
4 14 19 (-1024 1024 4 ) (-1024 1024 -8 ) (-1024 136 -8 ) (-1024 136 4 ) 
4 14 18 (-1024 1024 736 ) (-1024 1024 4 ) (-1024 136 4 ) (-1024 136 736 ) 
4 14 15 (0 136 4 ) (0 136 736 ) (-1024 136 736 ) (-1024 136 4 ) 
4 15 18 (-1024 128 4 ) (-1024 128 736 ) (-1024 136 736 ) (-1024 136 4 ) 
4 15 16 (0 128 4 ) (0 128 736 ) (-1024 128 736 ) (-1024 128 4 ) 
4 16 66 (0 0 -4 ) (0 0 736 ) (-1024 0 736 ) (-1024 0 -4 ) 
4 16 20 (-1024 0 -4 ) (-1024 0 736 ) (-1024 128 736 ) (-1024 128 -4 ) 
4 17 19 (-1024 1024 -8 ) (-1024 1024 4 ) (-1824 1024 4 ) (-1824 1024 -8 ) 
4 17 18 (-1024 1024 4 ) (-1024 1024 736 ) (-1824 1024 736 ) (-1824 1024 4 ) 
4 18 20 (-1824 128 736 ) (-1824 128 4 ) (-1024 128 4 ) (-1024 128 736 ) 
4 18 19 (-1824 136 4 ) (-1824 1024 4 ) (-1024 1024 4 ) (-1024 136 4 ) 
4 20 69 (-1024 0 -4 ) (-1024 0 736 ) (-1824 0 736 ) (-1824 0 -4 ) 
4 21 24 (2048 0 736 ) (2048 0 -4 ) (2048 -128 -4 ) (2048 -128 736 ) 
4 21 22 (2336 -128 4 ) (2336 -128 736 ) (2048 -128 736 ) (2048 -128 4 ) 
4 22 63 (2336 -1024 4 ) (2336 -1024 736 ) (2048 -1024 736 ) (2048 -1024 4 ) 
4 22 25 (2048 -136 736 ) (2048 -128 736 ) (2048 -128 4 ) (2048 -136 4 ) 
4 22 26 (2048 -1024 4 ) (2048 -1024 736 ) (2048 -136 736 ) (2048 -136 4 ) 
4 22 23 (2048 -1024 4 ) (2048 -136 4 ) (2336 -136 4 ) (2336 -1024 4 ) 
4 23 63 (2336 -1024 -8 ) (2336 -1024 4 ) (2048 -1024 4 ) (2048 -1024 -8 ) 
4 23 26 (2048 -136 -8 ) (2048 -1024 -8 ) (2048 -1024 4 ) (2048 -136 4 ) 
4 24 27 (1024 0 736 ) (1024 0 -4 ) (1024 -128 -4 ) (1024 -128 736 ) 
4 24 25 (1024 -128 736 ) (1024 -128 4 ) (2048 -128 4 ) (2048 -128 736 ) 
4 25 28 (1024 -136 736 ) (1024 -128 736 ) (1024 -128 4 ) (1024 -136 4 ) 
4 25 26 (2048 -136 4 ) (2048 -136 736 ) (1024 -136 736 ) (1024 -136 4 ) 
4 26 64 (2048 -1024 -8 ) (2048 -1024 736 ) (1024 -1024 736 ) (1024 -1024 -8 ) 
4 26 62 (1024 -1024 -8 ) (1024 -1024 0 ) (1024 -544 0 ) (1024 -544 -8 ) 
4 26 59 (1024 -744 144 ) (1024 -736 144 ) (1024 -736 0 ) (1024 -744 0 ) 
4 26 61 (1024 -1024 0 ) (1024 -1024 144 ) (1024 -744 144 ) (1024 -744 0 ) 
4 26 58 (1024 -1024 144 ) (1024 -1024 736 ) (1024 -736 736 ) (1024 -736 144 ) 
4 26 54 (1024 -544 16 ) (1024 -544 0 ) (1024 -736 0 ) (1024 -736 16 ) 
4 26 44 (1024 -544 144 ) (1024 -544 16 ) (1024 -736 16 ) (1024 -736 144 ) 
4 26 43 (1024 -736 736 ) (1024 -544 736 ) (1024 -544 144 ) (1024 -736 144 ) 
4 26 42 (1024 -536 0 ) (1024 -536 -8 ) (1024 -544 -8 ) (1024 -544 0 ) 
4 26 36 (1024 -536 144 ) (1024 -536 0 ) (1024 -544 0 ) (1024 -544 144 ) 
4 26 35 (1024 -544 736 ) (1024 -536 736 ) (1024 -536 144 ) (1024 -544 144 ) 
4 26 30 (1024 -536 736 ) (1024 -240 736 ) (1024 -240 -8 ) (1024 -536 -8 ) 
4 26 29 (1024 -240 736 ) (1024 -136 736 ) (1024 -136 -8 ) (1024 -240 -8 ) 
4 27 66 (0 0 736 ) (0 0 -4 ) (0 -128 -4 ) (0 -128 736 ) 
4 27 28 (1024 -128 4 ) (1024 -128 736 ) (0 -128 736 ) (0 -128 4 ) 
4 28 67 (0 -136 4 ) (0 -136 736 ) (0 -128 736 ) (0 -128 4 ) 
4 28 29 (1024 -136 4 ) (1024 -136 736 ) (0 -136 736 ) (0 -136 4 ) 
4 29 68 (0 -136 -8 ) (0 -240 -8 ) (0 -240 736 ) (0 -136 736 ) 
4 29 31 (336 -240 128 ) (336 -240 736 ) (176 -240 736 ) (176 -240 128 ) 
4 29 32 (176 -240 -8 ) (336 -240 -8 ) (336 -240 0 ) (176 -240 0 ) 
4 29 30 (336 -240 -8 ) (1024 -240 -8 ) (1024 -240 736 ) (336 -240 736 ) 
4 29 34 (0 -240 -8 ) (176 -240 -8 ) (176 -240 736 ) (0 -240 736 ) 
4 30 42 (1024 -536 -8 ) (1024 -536 0 ) (336 -536 0 ) (336 -536 -8 ) 
4 30 39 (368 -536 112 ) (368 -536 48 ) (464 -536 48 ) (464 -536 112 ) 
4 30 37 (608 -536 16 ) (656 -536 16 ) (656 -536 124 ) (608 -536 124 ) 
4 30 38 (600 -536 16 ) (600 -536 0 ) (664 -536 0 ) (664 -536 16 ) 
4 30 36 (1024 -536 0 ) (1024 -536 144 ) (776 -536 144 ) (776 -536 0 ) 
4 30 35 (1024 -536 144 ) (1024 -536 736 ) (336 -536 736 ) (336 -536 144 ) 
4 30 31 (336 -240 736 ) (336 -240 128 ) (336 -320 128 ) (336 -320 736 ) 
4 30 32 (336 -240 0 ) (336 -240 -8 ) (336 -320 -8 ) (336 -320 0 ) 
4 30 33 (336 -320 -8 ) (336 -536 -8 ) (336 -536 736 ) (336 -320 736 ) 
4 31 34 (176 -240 736 ) (176 -240 128 ) (176 -320 128 ) (176 -320 736 ) 
4 31 33 (176 -320 736 ) (176 -320 128 ) (336 -320 128 ) (336 -320 736 ) 
4 32 33 (176 -320 0 ) (176 -320 -8 ) (336 -320 -8 ) (336 -320 0 ) 
4 32 34 (176 -240 0 ) (176 -240 -8 ) (176 -320 -8 ) (176 -320 0 ) 
4 33 42 (176 -536 0 ) (176 -536 -8 ) (336 -536 -8 ) (336 -536 0 ) 
4 33 41 (176 -536 144 ) (176 -536 0 ) (216 -536 0 ) (216 -536 144 ) 
4 33 40 (308 -536 48 ) (308 -536 112 ) (252 -536 112 ) (252 -536 48 ) 
4 33 35 (336 -536 736 ) (176 -536 736 ) (176 -536 144 ) (336 -536 144 ) 
4 33 34 (176 -320 -8 ) (176 -536 -8 ) (176 -536 736 ) (176 -320 736 ) 
4 34 68 (0 -240 -8 ) (0 -536 -8 ) (0 -536 736 ) (0 -240 736 ) 
4 34 42 (0 -536 0 ) (0 -536 -8 ) (176 -536 -8 ) (176 -536 0 ) 
4 34 41 (0 -536 144 ) (0 -536 0 ) (176 -536 0 ) (176 -536 144 ) 
4 34 35 (176 -536 736 ) (0 -536 736 ) (0 -536 144 ) (176 -536 144 ) 
4 35 68 (0 -544 144 ) (0 -544 736 ) (0 -536 736 ) (0 -536 144 ) 
4 35 43 (0 -544 736 ) (0 -544 144 ) (1024 -544 144 ) (1024 -544 736 ) 
4 35 41 (216 -544 144 ) (0 -544 144 ) (0 -536 144 ) (216 -536 144 ) 
4 35 36 (1024 -544 144 ) (776 -544 144 ) (776 -536 144 ) (1024 -536 144 ) 
4 36 54 (776 -544 0 ) (1024 -544 0 ) (1024 -544 16 ) (776 -544 16 ) 
4 36 44 (1024 -544 16 ) (1024 -544 144 ) (776 -544 144 ) (776 -544 16 ) 
4 36 42 (1024 -544 0 ) (776 -544 0 ) (776 -536 0 ) (1024 -536 0 ) 
4 37 49 (656 -544 124 ) (608 -544 124 ) (608 -544 16 ) (656 -544 16 ) 
4 37 38 (608 -536 16 ) (656 -536 16 ) (656 -544 16 ) (608 -544 16 ) 
4 38 42 (664 -544 0 ) (600 -544 0 ) (600 -536 0 ) (664 -536 0 ) 
4 39 49 (464 -544 48 ) (464 -544 112 ) (368 -544 112 ) (368 -544 48 ) 
4 40 49 (308 -544 48 ) (308 -544 112 ) (252 -544 112 ) (252 -544 48 ) 
4 41 68 (0 -544 0 ) (0 -544 144 ) (0 -536 144 ) (0 -536 0 ) 
4 41 57 (0 -544 16 ) (0 -544 0 ) (216 -544 0 ) (216 -544 16 ) 
4 41 50 (0 -544 136 ) (0 -544 16 ) (216 -544 16 ) (216 -544 136 ) 
4 41 47 (0 -544 144 ) (0 -544 136 ) (216 -544 136 ) (216 -544 144 ) 
4 41 42 (216 -544 0 ) (0 -544 0 ) (0 -536 0 ) (216 -536 0 ) 
4 42 68 (0 -544 -8 ) (0 -544 0 ) (0 -536 0 ) (0 -536 -8 ) 
4 42 62 (0 -544 0 ) (0 -544 -8 ) (1024 -544 -8 ) (1024 -544 0 ) 
4 43 68 (0 -544 736 ) (0 -544 144 ) (0 -736 144 ) (0 -736 736 ) 
4 43 58 (0 -736 736 ) (0 -736 144 ) (1024 -736 144 ) (1024 -736 736 ) 
4 43 47 (216 -736 144 ) (0 -736 144 ) (0 -544 144 ) (216 -544 144 ) 
4 43 46 (608 -736 144 ) (224 -736 144 ) (224 -544 144 ) (608 -544 144 ) 
4 43 44 (1024 -736 144 ) (776 -736 144 ) (776 -544 144 ) (1024 -544 144 ) 
4 44 59 (776 -736 16 ) (1024 -736 16 ) (1024 -736 144 ) (776 -736 144 ) 
4 44 54 (1024 -736 16 ) (776 -736 16 ) (776 -544 16 ) (1024 -544 16 ) 
4 45 51 (672 -616 16 ) (672 -736 16 ) (672 -736 136 ) (672 -616 136 ) 
4 45 48 (672 -552 16 ) (672 -600 16 ) (672 -600 124 ) (672 -552 124 ) 
4 46 52 (608 -608 136 ) (608 -736 136 ) (224 -736 136 ) (224 -608 136 ) 
4 46 49 (224 -544 136 ) (608 -544 136 ) (608 -608 136 ) (224 -608 136 ) 
4 47 68 (0 -544 144 ) (0 -544 136 ) (0 -736 136 ) (0 -736 144 ) 
4 47 60 (0 -736 144 ) (0 -736 136 ) (216 -736 136 ) (216 -736 144 ) 
4 47 53 (216 -608 136 ) (216 -736 136 ) (0 -736 136 ) (0 -608 136 ) 
4 47 50 (0 -544 136 ) (216 -544 136 ) (216 -608 136 ) (0 -608 136 ) 
4 48 49 (664 -552 16 ) (664 -600 16 ) (664 -600 124 ) (664 -552 124 ) 
4 49 52 (224 -608 16 ) (608 -608 16 ) (608 -608 136 ) (224 -608 136 ) 
4 50 68 (0 -544 136 ) (0 -544 16 ) (0 -608 16 ) (0 -608 136 ) 
4 50 57 (0 -608 16 ) (0 -544 16 ) (216 -544 16 ) (216 -608 16 ) 
4 50 53 (0 -608 16 ) (216 -608 16 ) (216 -608 136 ) (0 -608 136 ) 
4 53 68 (0 -608 16 ) (0 -736 16 ) (0 -736 136 ) (0 -608 136 ) 
4 53 60 (0 -736 136 ) (0 -736 16 ) (216 -736 16 ) (216 -736 136 ) 
4 53 57 (216 -736 16 ) (0 -736 16 ) (0 -608 16 ) (216 -608 16 ) 
4 54 62 (776 -544 0 ) (1024 -544 0 ) (1024 -736 0 ) (776 -736 0 ) 
4 54 59 (776 -736 0 ) (1024 -736 0 ) (1024 -736 16 ) (776 -736 16 ) 
4 55 62 (672 -608 0 ) (672 -616 0 ) (616 -616 0 ) (616 -608 0 ) 
4 55 56 (616 -608 16 ) (616 -608 0 ) (616 -616 0 ) (616 -616 16 ) 
4 56 62 (616 -736 0 ) (608 -736 0 ) (608 -608 0 ) (616 -608 0 ) 
4 57 68 (0 -544 16 ) (0 -544 0 ) (0 -736 0 ) (0 -736 16 ) 
4 57 62 (0 -736 0 ) (0 -544 0 ) (216 -544 0 ) (216 -736 0 ) 
4 57 60 (0 -736 16 ) (0 -736 0 ) (216 -736 0 ) (216 -736 16 ) 
4 58 68 (0 -1024 144 ) (0 -1024 736 ) (0 -736 736 ) (0 -736 144 ) 
4 58 65 (1024 -1024 144 ) (1024 -1024 736 ) (0 -1024 736 ) (0 -1024 144 ) 
4 58 60 (0 -744 144 ) (0 -736 144 ) (216 -736 144 ) (216 -744 144 ) 
4 58 59 (776 -736 144 ) (1024 -736 144 ) (1024 -744 144 ) (776 -744 144 ) 
4 58 61 (1024 -1024 144 ) (0 -1024 144 ) (0 -744 144 ) (1024 -744 144 ) 
4 59 62 (776 -736 0 ) (1024 -736 0 ) (1024 -744 0 ) (776 -744 0 ) 
4 59 61 (776 -744 0 ) (1024 -744 0 ) (1024 -744 144 ) (776 -744 144 ) 
4 60 68 (0 -744 144 ) (0 -736 144 ) (0 -736 0 ) (0 -744 0 ) 
4 60 62 (0 -744 0 ) (0 -736 0 ) (216 -736 0 ) (216 -744 0 ) 
4 60 61 (0 -744 0 ) (216 -744 0 ) (216 -744 144 ) (0 -744 144 ) 
4 61 68 (0 -1024 0 ) (0 -1024 144 ) (0 -744 144 ) (0 -744 0 ) 
4 61 65 (1024 -1024 0 ) (1024 -1024 144 ) (0 -1024 144 ) (0 -1024 0 ) 
4 61 62 (1024 -1024 0 ) (0 -1024 0 ) (0 -744 0 ) (1024 -744 0 ) 
4 62 68 (0 -1024 -8 ) (0 -1024 0 ) (0 -544 0 ) (0 -544 -8 ) 
4 62 65 (1024 -1024 -8 ) (1024 -1024 0 ) (0 -1024 0 ) (0 -1024 -8 ) 
4 63 64 (2048 -1024 736 ) (2048 -1024 -8 ) (2048 -1664 -8 ) (2048 -1664 736 ) 
4 64 65 (1024 -1024 736 ) (1024 -1024 -8 ) (1024 -1664 -8 ) (1024 -1664 736 ) 
4 65 72 (0 -1664 -8 ) (0 -1664 736 ) (0 -1024 736 ) (0 -1024 -8 ) 
4 66 69 (-1024 0 736 ) (-1024 0 -4 ) (-1024 -128 -4 ) (-1024 -128 736 ) 
4 66 67 (-1024 -128 736 ) (-1024 -128 4 ) (0 -128 4 ) (0 -128 736 ) 
4 67 70 (-1024 -136 4 ) (-1024 -136 736 ) (-1024 -128 736 ) (-1024 -128 4 ) 
4 67 68 (0 -136 4 ) (0 -136 736 ) (-1024 -136 736 ) (-1024 -136 4 ) 
4 68 72 (0 -1024 -8 ) (0 -1024 736 ) (-1024 -1024 736 ) (-1024 -1024 -8 ) 
4 68 71 (-1024 -136 -8 ) (-1024 -1024 -8 ) (-1024 -1024 4 ) (-1024 -136 4 ) 
4 68 70 (-1024 -1024 4 ) (-1024 -1024 736 ) (-1024 -136 736 ) (-1024 -136 4 ) 
4 69 70 (-1824 -128 736 ) (-1824 -128 4 ) (-1024 -128 4 ) (-1024 -128 736 ) 
4 70 73 (-1024 -1024 4 ) (-1024 -1024 736 ) (-1824 -1024 736 ) (-1824 -1024 4 ) 
4 70 71 (-1824 -1024 4 ) (-1824 -136 4 ) (-1024 -136 4 ) (-1024 -1024 4 ) 
4 71 73 (-1024 -1024 -8 ) (-1024 -1024 4 ) (-1824 -1024 4 ) (-1824 -1024 -8 ) 
4 72 73 (-1024 -1024 736 ) (-1024 -1024 -8 ) (-1024 -1664 -8 ) (-1024 -1664 736 ) 
