PRT1
120
256
4 0 2 (4608 4096 0 ) (4608 4096 4096 ) (4096 4096 4096 ) (4096 4096 0 ) 
4 0 1 (4096 4096 0 ) (4096 4096 4096 ) (4096 4608 4096 ) (4096 4608 0 ) 
4 1 4 (3072 4096 0 ) (3072 4096 4096 ) (3072 4608 4096 ) (3072 4608 0 ) 
4 1 3 (4096 4096 0 ) (4096 4096 4096 ) (3072 4096 4096 ) (3072 4096 0 ) 
4 2 10 (4608 3072 0 ) (4608 3072 4096 ) (4096 3072 4096 ) (4096 3072 0 ) 
4 2 3 (4096 4096 4096 ) (4096 4096 0 ) (4096 3072 0 ) (4096 3072 4096 ) 
4 3 11 (4096 3072 0 ) (4096 3072 4096 ) (3072 3072 4096 ) (3072 3072 0 ) 
4 3 5 (3072 3072 0 ) (3072 3072 4096 ) (3072 4096 4096 ) (3072 4096 0 ) 
4 4 6 (2048 4096 0 ) (2048 4096 4096 ) (2048 4608 4096 ) (2048 4608 0 ) 
4 4 5 (3072 4096 0 ) (3072 4096 4096 ) (2048 4096 4096 ) (2048 4096 0 ) 
4 5 16 (3072 3072 0 ) (3072 3072 4096 ) (2048 3072 4096 ) (2048 3072 0 ) 
4 5 8 (2048 3072 0 ) (2048 3072 4096 ) (2048 4096 4096 ) (2048 4096 0 ) 
4 6 8 (2048 4096 0 ) (2048 4096 4096 ) (1024 4096 4096 ) (1024 4096 0 ) 
4 6 7 (1024 4096 0 ) (1024 4096 4096 ) (1024 4608 4096 ) (1024 4608 0 ) 
4 7 30 (0 4096 0 ) (0 4096 4096 ) (0 4608 4096 ) (0 4608 0 ) 
4 7 9 (1024 4096 0 ) (1024 4096 4096 ) (0 4096 4096 ) (0 4096 0 ) 
4 8 17 (2048 3072 0 ) (2048 3072 4096 ) (1024 3072 4096 ) (1024 3072 0 ) 
4 8 9 (1024 4096 4096 ) (1024 4096 0 ) (1024 3072 0 ) (1024 3072 4096 ) 
4 9 31 (0 3072 0 ) (0 3072 4096 ) (0 4096 4096 ) (0 4096 0 ) 
4 9 18 (1024 3072 0 ) (1024 3072 4096 ) (0 3072 4096 ) (0 3072 0 ) 
4 10 12 (4608 2048 0 ) (4608 2048 4096 ) (4096 2048 4096 ) (4096 2048 0 ) 
4 10 11 (4096 2048 0 ) (4096 2048 4096 ) (4096 3072 4096 ) (4096 3072 0 ) 
4 11 16 (3072 3072 4096 ) (3072 3072 0 ) (3072 2048 0 ) (3072 2048 4096 ) 
4 11 13 (4096 2048 0 ) (4096 2048 4096 ) (3072 2048 4096 ) (3072 2048 0 ) 
4 12 14 (4608 1024 0 ) (4608 1024 4096 ) (4096 1024 4096 ) (4096 1024 0 ) 
4 12 13 (4096 2048 4096 ) (4096 2048 0 ) (4096 1024 0 ) (4096 1024 4096 ) 
4 13 19 (3072 1024 0 ) (3072 1024 4096 ) (3072 2048 4096 ) (3072 2048 0 ) 
4 13 15 (4096 1024 0 ) (4096 1024 4096 ) (3072 1024 4096 ) (3072 1024 0 ) 
4 14 60 (4608 0 0 ) (4608 0 4096 ) (4096 0 4096 ) (4096 0 0 ) 
4 14 15 (4096 1024 4096 ) (4096 1024 0 ) (4096 0 0 ) (4096 0 4096 ) 
4 15 61 (4096 0 0 ) (4096 0 4096 ) (3072 0 4096 ) (3072 0 0 ) 
4 15 20 (3072 0 0 ) (3072 0 4096 ) (3072 1024 4096 ) (3072 1024 0 ) 
4 16 19 (3072 2048 0 ) (3072 2048 4096 ) (2048 2048 4096 ) (2048 2048 0 ) 
4 16 17 (2048 3072 4096 ) (2048 3072 0 ) (2048 2048 0 ) (2048 2048 4096 ) 
4 17 21 (2048 2048 0 ) (2048 2048 4096 ) (1024 2048 4096 ) (1024 2048 0 ) 
4 17 18 (1024 2048 0 ) (1024 2048 4096 ) (1024 3072 4096 ) (1024 3072 0 ) 
4 18 40 (0 2048 0 ) (0 2048 4096 ) (0 3072 4096 ) (0 3072 0 ) 
4 18 22 (1024 2048 0 ) (1024 2048 4096 ) (0 2048 4096 ) (0 2048 0 ) 
4 19 21 (2048 2048 4096 ) (2048 2048 0 ) (2048 1024 0 ) (2048 1024 4096 ) 
4 19 20 (3072 1024 0 ) (3072 1024 4096 ) (2048 1024 4096 ) (2048 1024 0 ) 
4 20 66 (3072 0 0 ) (3072 0 4096 ) (2048 0 4096 ) (2048 0 0 ) 
4 20 23 (2048 0 0 ) (2048 0 4096 ) (2048 1024 4096 ) (2048 1024 0 ) 
4 21 23 (2048 1024 0 ) (2048 1024 4096 ) (1024 1024 4096 ) (1024 1024 0 ) 
4 21 22 (1024 2048 4096 ) (1024 2048 0 ) (1024 1024 0 ) (1024 1024 4096 ) 
4 22 43 (0 1024 0 ) (0 1024 4096 ) (0 2048 4096 ) (0 2048 0 ) 
4 22 29 (1024 1024 0 ) (1024 1024 1 ) (0 1024 1 ) (0 1024 0 ) 
4 22 27 (48 1024 2 ) (0 1024 2 ) (0 1024 1 ) (48 1024 1 ) 
4 22 26 (49 1024 2 ) (48 1024 2 ) (48 1024 1 ) (49 1024 1 ) 
4 22 25 (1024 1024 1 ) (1024 1024 2 ) (49 1024 2 ) (49 1024 1 ) 
4 22 24 (1024 1024 2 ) (1024 1024 4096 ) (0 1024 4096 ) (0 1024 2 ) 
4 23 67 (2048 0 0 ) (2048 0 4096 ) (1024 0 4096 ) (1024 0 0 ) 
4 23 29 (1024 1024 1 ) (1024 1024 0 ) (1024 0 0 ) (1024 0 1 ) 
4 23 25 (1024 1024 2 ) (1024 1024 1 ) (1024 0 1 ) (1024 0 2 ) 
4 23 24 (1024 1024 4096 ) (1024 1024 2 ) (1024 0 2 ) (1024 0 4096 ) 
4 24 68 (1024 0 2 ) (1024 0 4096 ) (0 0 4096 ) (0 0 2 ) 
4 24 44 (0 0 2 ) (0 0 4096 ) (0 1024 4096 ) (0 1024 2 ) 
4 24 27 (0 33 2 ) (0 1024 2 ) (48 1024 2 ) (48 33 2 ) 
4 24 28 (48 0 2 ) (0 0 2 ) (0 32 2 ) (48 32 2 ) 
4 24 26 (48 33 2 ) (48 1024 2 ) (49 1024 2 ) (49 33 2 ) 
4 24 25 (1024 0 2 ) (49 0 2 ) (49 1024 2 ) (1024 1024 2 ) 
4 25 69 (1024 0 1 ) (1024 0 2 ) (49 0 2 ) (49 0 1 ) 
4 25 29 (1024 1024 1 ) (1024 0 1 ) (49 0 1 ) (49 1024 1 ) 
4 25 26 (49 1024 1 ) (49 33 1 ) (49 33 2 ) (49 1024 2 ) 
4 26 29 (48 33 1 ) (48 1024 1 ) (49 1024 1 ) (49 33 1 ) 
4 26 27 (48 1024 1 ) (48 33 1 ) (48 33 2 ) (48 1024 2 ) 
4 27 45 (0 33 2 ) (0 1024 2 ) (0 1024 1 ) (0 33 1 ) 
4 27 29 (0 33 1 ) (0 1024 1 ) (48 1024 1 ) (48 33 1 ) 
4 28 71 (48 0 2 ) (0 0 2 ) (0 0 1 ) (48 0 1 ) 
4 28 46 (0 0 1 ) (0 0 2 ) (0 32 2 ) (0 32 1 ) 
4 28 29 (48 0 1 ) (0 0 1 ) (0 32 1 ) (48 32 1 ) 
4 29 73 (1024 0 0 ) (1024 0 1 ) (0 0 1 ) (0 0 0 ) 
4 29 49 (0 0 0 ) (0 0 1 ) (0 1024 1 ) (0 1024 0 ) 
4 30 32 (-1024 4096 0 ) (-1024 4096 4096 ) (-1024 4608 4096 ) (-1024 4608 0 ) 
4 30 31 (0 4096 0 ) (0 4096 4096 ) (-1024 4096 4096 ) (-1024 4096 0 ) 
4 31 40 (0 3072 0 ) (0 3072 4096 ) (-1024 3072 4096 ) (-1024 3072 0 ) 
4 31 34 (-1024 3072 0 ) (-1024 3072 4096 ) (-1024 4096 4096 ) (-1024 4096 0 ) 
4 32 34 (-1024 4096 0 ) (-1024 4096 4096 ) (-2048 4096 4096 ) (-2048 4096 0 ) 
4 32 33 (-2048 4096 0 ) (-2048 4096 4096 ) (-2048 4608 4096 ) (-2048 4608 0 ) 
4 33 36 (-3072 4096 0 ) (-3072 4096 4096 ) (-3072 4608 4096 ) (-3072 4608 0 ) 
4 33 35 (-2048 4096 0 ) (-2048 4096 4096 ) (-3072 4096 4096 ) (-3072 4096 0 ) 
4 34 41 (-1024 3072 0 ) (-1024 3072 4096 ) (-2048 3072 4096 ) (-2048 3072 0 ) 
4 34 35 (-2048 4096 4096 ) (-2048 4096 0 ) (-2048 3072 0 ) (-2048 3072 4096 ) 
4 35 42 (-2048 3072 0 ) (-2048 3072 4096 ) (-3072 3072 4096 ) (-3072 3072 0 ) 
4 35 37 (-3072 3072 0 ) (-3072 3072 4096 ) (-3072 4096 4096 ) (-3072 4096 0 ) 
4 36 38 (-4096 4096 0 ) (-4096 4096 4096 ) (-4096 4608 4096 ) (-4096 4608 0 ) 
4 36 37 (-3072 4096 0 ) (-3072 4096 4096 ) (-4096 4096 4096 ) (-4096 4096 0 ) 
4 37 54 (-3072 3072 0 ) (-3072 3072 4096 ) (-4096 3072 4096 ) (-4096 3072 0 ) 
4 37 39 (-4096 3072 0 ) (-4096 3072 4096 ) (-4096 4096 4096 ) (-4096 4096 0 ) 
4 38 39 (-4096 4096 0 ) (-4096 4096 4096 ) (-4608 4096 4096 ) (-4608 4096 0 ) 
4 39 55 (-4096 3072 0 ) (-4096 3072 4096 ) (-4608 3072 4096 ) (-4608 3072 0 ) 
4 40 43 (0 2048 0 ) (0 2048 4096 ) (-1024 2048 4096 ) (-1024 2048 0 ) 
4 40 41 (-1024 3072 4096 ) (-1024 3072 0 ) (-1024 2048 0 ) (-1024 2048 4096 ) 
4 41 50 (-1024 2048 0 ) (-1024 2048 4096 ) (-2048 2048 4096 ) (-2048 2048 0 ) 
4 41 42 (-2048 2048 0 ) (-2048 2048 4096 ) (-2048 3072 4096 ) (-2048 3072 0 ) 
4 42 54 (-3072 3072 4096 ) (-3072 3072 0 ) (-3072 2048 0 ) (-3072 2048 4096 ) 
4 42 51 (-2048 2048 0 ) (-2048 2048 4096 ) (-3072 2048 4096 ) (-3072 2048 0 ) 
4 43 50 (-1024 2048 4096 ) (-1024 2048 0 ) (-1024 1024 0 ) (-1024 1024 4096 ) 
4 43 49 (0 1024 0 ) (0 1024 1 ) (-1024 1024 1 ) (-1024 1024 0 ) 
4 43 47 (-48 1024 2 ) (-49 1024 2 ) (-49 1024 1 ) (-48 1024 1 ) 
4 43 48 (-49 1024 2 ) (-1024 1024 2 ) (-1024 1024 1 ) (-49 1024 1 ) 
4 43 45 (0 1024 1 ) (0 1024 2 ) (-48 1024 2 ) (-48 1024 1 ) 
4 43 44 (0 1024 2 ) (0 1024 4096 ) (-1024 1024 4096 ) (-1024 1024 2 ) 
4 44 90 (0 0 2 ) (0 0 4096 ) (-1024 0 4096 ) (-1024 0 2 ) 
4 44 52 (-1024 0 2 ) (-1024 0 4096 ) (-1024 1024 4096 ) (-1024 1024 2 ) 
4 44 47 (-49 33 2 ) (-49 1024 2 ) (-48 1024 2 ) (-48 33 2 ) 
4 44 48 (-49 0 2 ) (-1024 0 2 ) (-1024 1024 2 ) (-49 1024 2 ) 
4 44 45 (0 1024 2 ) (0 33 2 ) (-48 33 2 ) (-48 1024 2 ) 
4 44 46 (0 32 2 ) (0 0 2 ) (-48 0 2 ) (-48 32 2 ) 
4 45 49 (-48 33 1 ) (-48 1024 1 ) (0 1024 1 ) (0 33 1 ) 
4 45 47 (-48 1024 1 ) (-48 33 1 ) (-48 33 2 ) (-48 1024 2 ) 
4 46 91 (0 0 1 ) (0 0 2 ) (-48 0 2 ) (-48 0 1 ) 
4 46 49 (0 0 1 ) (-48 0 1 ) (-48 32 1 ) (0 32 1 ) 
4 47 49 (-49 33 1 ) (-49 1024 1 ) (-48 1024 1 ) (-48 33 1 ) 
4 47 48 (-49 1024 1 ) (-49 33 1 ) (-49 33 2 ) (-49 1024 2 ) 
4 48 94 (-49 0 2 ) (-1024 0 2 ) (-1024 0 1 ) (-49 0 1 ) 
4 48 52 (-1024 0 1 ) (-1024 0 2 ) (-1024 1024 2 ) (-1024 1024 1 ) 
4 48 49 (-49 0 1 ) (-1024 0 1 ) (-1024 1024 1 ) (-49 1024 1 ) 
4 49 95 (0 0 0 ) (0 0 1 ) (-1024 0 1 ) (-1024 0 0 ) 
4 49 52 (-1024 0 0 ) (-1024 0 1 ) (-1024 1024 1 ) (-1024 1024 0 ) 
4 50 52 (-1024 1024 0 ) (-1024 1024 4096 ) (-2048 1024 4096 ) (-2048 1024 0 ) 
4 50 51 (-2048 2048 4096 ) (-2048 2048 0 ) (-2048 1024 0 ) (-2048 1024 4096 ) 
4 51 56 (-3072 1024 0 ) (-3072 1024 4096 ) (-3072 2048 4096 ) (-3072 2048 0 ) 
4 51 53 (-2048 1024 0 ) (-2048 1024 4096 ) (-3072 1024 4096 ) (-3072 1024 0 ) 
4 52 96 (-1024 0 0 ) (-1024 0 4096 ) (-2048 0 4096 ) (-2048 0 0 ) 
4 52 53 (-2048 1024 4096 ) (-2048 1024 0 ) (-2048 0 0 ) (-2048 0 4096 ) 
4 53 97 (-2048 0 0 ) (-2048 0 4096 ) (-3072 0 4096 ) (-3072 0 0 ) 
4 53 57 (-3072 0 0 ) (-3072 0 4096 ) (-3072 1024 4096 ) (-3072 1024 0 ) 
4 54 56 (-3072 2048 0 ) (-3072 2048 4096 ) (-4096 2048 4096 ) (-4096 2048 0 ) 
4 54 55 (-4096 3072 4096 ) (-4096 3072 0 ) (-4096 2048 0 ) (-4096 2048 4096 ) 
4 55 58 (-4096 2048 0 ) (-4096 2048 4096 ) (-4608 2048 4096 ) (-4608 2048 0 ) 
4 56 58 (-4096 2048 4096 ) (-4096 2048 0 ) (-4096 1024 0 ) (-4096 1024 4096 ) 
4 56 57 (-3072 1024 0 ) (-3072 1024 4096 ) (-4096 1024 4096 ) (-4096 1024 0 ) 
4 57 104 (-3072 0 0 ) (-3072 0 4096 ) (-4096 0 4096 ) (-4096 0 0 ) 
4 57 59 (-4096 0 0 ) (-4096 0 4096 ) (-4096 1024 4096 ) (-4096 1024 0 ) 
4 58 59 (-4096 1024 0 ) (-4096 1024 4096 ) (-4608 1024 4096 ) (-4608 1024 0 ) 
4 59 105 (-4096 0 0 ) (-4096 0 4096 ) (-4608 0 4096 ) (-4608 0 0 ) 
4 60 62 (4608 -1024 0 ) (4608 -1024 4096 ) (4096 -1024 4096 ) (4096 -1024 0 ) 
4 60 61 (4096 -1024 0 ) (4096 -1024 4096 ) (4096 0 4096 ) (4096 0 0 ) 
4 61 66 (3072 0 4096 ) (3072 0 0 ) (3072 -1024 0 ) (3072 -1024 4096 ) 
4 61 63 (4096 -1024 0 ) (4096 -1024 4096 ) (3072 -1024 4096 ) (3072 -1024 0 ) 
4 62 64 (4608 -2048 0 ) (4608 -2048 4096 ) (4096 -2048 4096 ) (4096 -2048 0 ) 
4 62 63 (4096 -1024 4096 ) (4096 -1024 0 ) (4096 -2048 0 ) (4096 -2048 4096 ) 
4 63 74 (3072 -2048 0 ) (3072 -2048 4096 ) (3072 -1024 4096 ) (3072 -1024 0 ) 
4 63 65 (4096 -2048 0 ) (4096 -2048 4096 ) (3072 -2048 4096 ) (3072 -2048 0 ) 
4 64 80 (4608 -3072 0 ) (4608 -3072 4096 ) (4096 -3072 4096 ) (4096 -3072 0 ) 
4 64 65 (4096 -2048 4096 ) (4096 -2048 0 ) (4096 -3072 0 ) (4096 -3072 4096 ) 
4 65 81 (4096 -3072 0 ) (4096 -3072 4096 ) (3072 -3072 4096 ) (3072 -3072 0 ) 
4 65 75 (3072 -3072 0 ) (3072 -3072 4096 ) (3072 -2048 4096 ) (3072 -2048 0 ) 
4 66 74 (3072 -1024 0 ) (3072 -1024 4096 ) (2048 -1024 4096 ) (2048 -1024 0 ) 
4 66 67 (2048 0 4096 ) (2048 0 0 ) (2048 -1024 0 ) (2048 -1024 4096 ) 
4 67 76 (2048 -1024 0 ) (2048 -1024 4096 ) (1024 -1024 4096 ) (1024 -1024 0 ) 
4 67 73 (1024 -1024 0 ) (1024 -1024 1 ) (1024 0 1 ) (1024 0 0 ) 
4 67 69 (1024 -1024 1 ) (1024 -1024 2 ) (1024 0 2 ) (1024 0 1 ) 
4 67 68 (1024 -1024 2 ) (1024 -1024 4096 ) (1024 0 4096 ) (1024 0 2 ) 
4 68 90 (0 0 4096 ) (0 0 2 ) (0 -1024 2 ) (0 -1024 4096 ) 
4 68 77 (1024 -1024 2 ) (1024 -1024 4096 ) (0 -1024 4096 ) (0 -1024 2 ) 
4 68 71 (0 -32 2 ) (0 0 2 ) (48 0 2 ) (48 -32 2 ) 
4 68 72 (48 -1024 2 ) (0 -1024 2 ) (0 -33 2 ) (48 -33 2 ) 
4 68 70 (49 -1024 2 ) (48 -1024 2 ) (48 -33 2 ) (49 -33 2 ) 
4 68 69 (1024 -1024 2 ) (49 -1024 2 ) (49 0 2 ) (1024 0 2 ) 
4 69 77 (1024 -1024 1 ) (1024 -1024 2 ) (49 -1024 2 ) (49 -1024 1 ) 
4 69 73 (49 0 1 ) (1024 0 1 ) (1024 -1024 1 ) (49 -1024 1 ) 
4 69 70 (49 -33 1 ) (49 -1024 1 ) (49 -1024 2 ) (49 -33 2 ) 
4 70 77 (49 -1024 2 ) (48 -1024 2 ) (48 -1024 1 ) (49 -1024 1 ) 
4 70 73 (49 -33 1 ) (49 -1024 1 ) (48 -1024 1 ) (48 -33 1 ) 
4 70 72 (48 -33 1 ) (48 -1024 1 ) (48 -1024 2 ) (48 -33 2 ) 
4 71 91 (0 0 2 ) (0 0 1 ) (0 -32 1 ) (0 -32 2 ) 
4 71 73 (0 -32 1 ) (0 0 1 ) (48 0 1 ) (48 -32 1 ) 
4 72 92 (0 -33 1 ) (0 -1024 1 ) (0 -1024 2 ) (0 -33 2 ) 
4 72 77 (48 -1024 2 ) (0 -1024 2 ) (0 -1024 1 ) (48 -1024 1 ) 
4 72 73 (0 -1024 1 ) (0 -33 1 ) (48 -33 1 ) (48 -1024 1 ) 
4 73 95 (0 0 1 ) (0 0 0 ) (0 -1024 0 ) (0 -1024 1 ) 
4 73 77 (1024 -1024 0 ) (1024 -1024 1 ) (0 -1024 1 ) (0 -1024 0 ) 
4 74 76 (2048 -1024 4096 ) (2048 -1024 0 ) (2048 -2048 0 ) (2048 -2048 4096 ) 
4 74 75 (3072 -2048 0 ) (3072 -2048 4096 ) (2048 -2048 4096 ) (2048 -2048 0 ) 
4 75 84 (3072 -3072 0 ) (3072 -3072 4096 ) (2048 -3072 4096 ) (2048 -3072 0 ) 
4 75 78 (2048 -3072 0 ) (2048 -3072 4096 ) (2048 -2048 4096 ) (2048 -2048 0 ) 
4 76 78 (2048 -2048 0 ) (2048 -2048 4096 ) (1024 -2048 4096 ) (1024 -2048 0 ) 
4 76 77 (1024 -1024 4096 ) (1024 -1024 0 ) (1024 -2048 0 ) (1024 -2048 4096 ) 
4 77 98 (0 -2048 0 ) (0 -2048 4096 ) (0 -1024 4096 ) (0 -1024 0 ) 
4 77 79 (1024 -2048 0 ) (1024 -2048 4096 ) (0 -2048 4096 ) (0 -2048 0 ) 
4 78 85 (2048 -3072 0 ) (2048 -3072 4096 ) (1024 -3072 4096 ) (1024 -3072 0 ) 
4 78 79 (1024 -2048 4096 ) (1024 -2048 0 ) (1024 -3072 0 ) (1024 -3072 4096 ) 
4 79 99 (0 -3072 0 ) (0 -3072 4096 ) (0 -2048 4096 ) (0 -2048 0 ) 
4 79 86 (1024 -3072 0 ) (1024 -3072 4096 ) (0 -3072 4096 ) (0 -3072 0 ) 
4 80 82 (4608 -4096 0 ) (4608 -4096 4096 ) (4096 -4096 4096 ) (4096 -4096 0 ) 
4 80 81 (4096 -4096 0 ) (4096 -4096 4096 ) (4096 -3072 4096 ) (4096 -3072 0 ) 
4 81 84 (3072 -3072 4096 ) (3072 -3072 0 ) (3072 -4096 0 ) (3072 -4096 4096 ) 
4 81 83 (4096 -4096 0 ) (4096 -4096 4096 ) (3072 -4096 4096 ) (3072 -4096 0 ) 
4 82 83 (4096 -4096 4096 ) (4096 -4096 0 ) (4096 -4608 0 ) (4096 -4608 4096 ) 
4 83 87 (3072 -4608 0 ) (3072 -4608 4096 ) (3072 -4096 4096 ) (3072 -4096 0 ) 
4 84 87 (3072 -4096 0 ) (3072 -4096 4096 ) (2048 -4096 4096 ) (2048 -4096 0 ) 
4 84 85 (2048 -3072 4096 ) (2048 -3072 0 ) (2048 -4096 0 ) (2048 -4096 4096 ) 
4 85 88 (2048 -4096 0 ) (2048 -4096 4096 ) (1024 -4096 4096 ) (1024 -4096 0 ) 
4 85 86 (1024 -4096 0 ) (1024 -4096 4096 ) (1024 -3072 4096 ) (1024 -3072 0 ) 
4 86 110 (0 -4096 0 ) (0 -4096 4096 ) (0 -3072 4096 ) (0 -3072 0 ) 
4 86 89 (1024 -4096 0 ) (1024 -4096 4096 ) (0 -4096 4096 ) (0 -4096 0 ) 
4 87 88 (2048 -4096 4096 ) (2048 -4096 0 ) (2048 -4608 0 ) (2048 -4608 4096 ) 
4 88 89 (1024 -4096 4096 ) (1024 -4096 0 ) (1024 -4608 0 ) (1024 -4608 4096 ) 
4 89 113 (0 -4608 0 ) (0 -4608 4096 ) (0 -4096 4096 ) (0 -4096 0 ) 
4 90 98 (0 -1024 2 ) (0 -1024 4096 ) (-1024 -1024 4096 ) (-1024 -1024 2 ) 
4 90 96 (-1024 0 4096 ) (-1024 0 2 ) (-1024 -1024 2 ) (-1024 -1024 4096 ) 
4 90 93 (-48 -33 2 ) (-48 -1024 2 ) (-49 -1024 2 ) (-49 -33 2 ) 
4 90 94 (-1024 -1024 2 ) (-1024 0 2 ) (-49 0 2 ) (-49 -1024 2 ) 
4 90 91 (-48 0 2 ) (0 0 2 ) (0 -32 2 ) (-48 -32 2 ) 
4 90 92 (0 -33 2 ) (0 -1024 2 ) (-48 -1024 2 ) (-48 -33 2 ) 
4 91 95 (-48 -32 1 ) (-48 0 1 ) (0 0 1 ) (0 -32 1 ) 
4 92 98 (0 -1024 1 ) (0 -1024 2 ) (-48 -1024 2 ) (-48 -1024 1 ) 
4 92 95 (0 -1024 1 ) (-48 -1024 1 ) (-48 -33 1 ) (0 -33 1 ) 
4 92 93 (-48 -33 1 ) (-48 -1024 1 ) (-48 -1024 2 ) (-48 -33 2 ) 
4 93 98 (-48 -1024 2 ) (-49 -1024 2 ) (-49 -1024 1 ) (-48 -1024 1 ) 
4 93 95 (-48 -1024 1 ) (-49 -1024 1 ) (-49 -33 1 ) (-48 -33 1 ) 
4 93 94 (-49 -33 1 ) (-49 -1024 1 ) (-49 -1024 2 ) (-49 -33 2 ) 
4 94 98 (-49 -1024 2 ) (-1024 -1024 2 ) (-1024 -1024 1 ) (-49 -1024 1 ) 
4 94 96 (-1024 0 2 ) (-1024 0 1 ) (-1024 -1024 1 ) (-1024 -1024 2 ) 
4 94 95 (-49 -1024 1 ) (-1024 -1024 1 ) (-1024 0 1 ) (-49 0 1 ) 
4 95 98 (0 -1024 0 ) (0 -1024 1 ) (-1024 -1024 1 ) (-1024 -1024 0 ) 
4 95 96 (-1024 0 1 ) (-1024 0 0 ) (-1024 -1024 0 ) (-1024 -1024 1 ) 
4 96 100 (-1024 -1024 0 ) (-1024 -1024 4096 ) (-2048 -1024 4096 ) (-2048 -1024 0 ) 
4 96 97 (-2048 -1024 0 ) (-2048 -1024 4096 ) (-2048 0 4096 ) (-2048 0 0 ) 
4 97 104 (-3072 0 4096 ) (-3072 0 0 ) (-3072 -1024 0 ) (-3072 -1024 4096 ) 
4 97 101 (-2048 -1024 0 ) (-2048 -1024 4096 ) (-3072 -1024 4096 ) (-3072 -1024 0 ) 
4 98 100 (-1024 -1024 4096 ) (-1024 -1024 0 ) (-1024 -2048 0 ) (-1024 -2048 4096 ) 
4 98 99 (0 -2048 0 ) (0 -2048 4096 ) (-1024 -2048 4096 ) (-1024 -2048 0 ) 
4 99 110 (0 -3072 0 ) (0 -3072 4096 ) (-1024 -3072 4096 ) (-1024 -3072 0 ) 
4 99 102 (-1024 -3072 0 ) (-1024 -3072 4096 ) (-1024 -2048 4096 ) (-1024 -2048 0 ) 
4 100 102 (-1024 -2048 0 ) (-1024 -2048 4096 ) (-2048 -2048 4096 ) (-2048 -2048 0 ) 
4 100 101 (-2048 -1024 4096 ) (-2048 -1024 0 ) (-2048 -2048 0 ) (-2048 -2048 4096 ) 
4 101 106 (-3072 -2048 0 ) (-3072 -2048 4096 ) (-3072 -1024 4096 ) (-3072 -1024 0 ) 
4 101 103 (-2048 -2048 0 ) (-2048 -2048 4096 ) (-3072 -2048 4096 ) (-3072 -2048 0 ) 
4 102 111 (-1024 -3072 0 ) (-1024 -3072 4096 ) (-2048 -3072 4096 ) (-2048 -3072 0 ) 
4 102 103 (-2048 -2048 4096 ) (-2048 -2048 0 ) (-2048 -3072 0 ) (-2048 -3072 4096 ) 
4 103 112 (-2048 -3072 0 ) (-2048 -3072 4096 ) (-3072 -3072 4096 ) (-3072 -3072 0 ) 
4 103 107 (-3072 -3072 0 ) (-3072 -3072 4096 ) (-3072 -2048 4096 ) (-3072 -2048 0 ) 
4 104 106 (-3072 -1024 0 ) (-3072 -1024 4096 ) (-4096 -1024 4096 ) (-4096 -1024 0 ) 
4 104 105 (-4096 0 4096 ) (-4096 0 0 ) (-4096 -1024 0 ) (-4096 -1024 4096 ) 
4 105 108 (-4096 -1024 0 ) (-4096 -1024 4096 ) (-4608 -1024 4096 ) (-4608 -1024 0 ) 
4 106 108 (-4096 -1024 4096 ) (-4096 -1024 0 ) (-4096 -2048 0 ) (-4096 -2048 4096 ) 
4 106 107 (-3072 -2048 0 ) (-3072 -2048 4096 ) (-4096 -2048 4096 ) (-4096 -2048 0 ) 
4 107 116 (-3072 -3072 0 ) (-3072 -3072 4096 ) (-4096 -3072 4096 ) (-4096 -3072 0 ) 
4 107 109 (-4096 -3072 0 ) (-4096 -3072 4096 ) (-4096 -2048 4096 ) (-4096 -2048 0 ) 
4 108 109 (-4096 -2048 0 ) (-4096 -2048 4096 ) (-4608 -2048 4096 ) (-4608 -2048 0 ) 
4 109 117 (-4096 -3072 0 ) (-4096 -3072 4096 ) (-4608 -3072 4096 ) (-4608 -3072 0 ) 
4 110 113 (0 -4096 0 ) (0 -4096 4096 ) (-1024 -4096 4096 ) (-1024 -4096 0 ) 
4 110 111 (-1024 -3072 4096 ) (-1024 -3072 0 ) (-1024 -4096 0 ) (-1024 -4096 4096 ) 
4 111 114 (-1024 -4096 0 ) (-1024 -4096 4096 ) (-2048 -4096 4096 ) (-2048 -4096 0 ) 
4 111 112 (-2048 -4096 0 ) (-2048 -4096 4096 ) (-2048 -3072 4096 ) (-2048 -3072 0 ) 
4 112 116 (-3072 -3072 4096 ) (-3072 -3072 0 ) (-3072 -4096 0 ) (-3072 -4096 4096 ) 
4 112 115 (-2048 -4096 0 ) (-2048 -4096 4096 ) (-3072 -4096 4096 ) (-3072 -4096 0 ) 
4 113 114 (-1024 -4096 4096 ) (-1024 -4096 0 ) (-1024 -4608 0 ) (-1024 -4608 4096 ) 
4 114 115 (-2048 -4096 4096 ) (-2048 -4096 0 ) (-2048 -4608 0 ) (-2048 -4608 4096 ) 
4 115 118 (-3072 -4608 0 ) (-3072 -4608 4096 ) (-3072 -4096 4096 ) (-3072 -4096 0 ) 
4 116 118 (-3072 -4096 0 ) (-3072 -4096 4096 ) (-4096 -4096 4096 ) (-4096 -4096 0 ) 
4 116 117 (-4096 -3072 4096 ) (-4096 -3072 0 ) (-4096 -4096 0 ) (-4096 -4096 4096 ) 
4 117 119 (-4096 -4096 0 ) (-4096 -4096 4096 ) (-4608 -4096 4096 ) (-4608 -4096 0 ) 
4 118 119 (-4096 -4096 4096 ) (-4096 -4096 0 ) (-4096 -4608 0 ) (-4096 -4608 4096 ) 
