


materialPath: C:\Program Files (x86)\Steam\steamapps\sourcemods\peace\materials
Loading c:\program files (x86)\steam\steamapps\sourcemods\peace\maps\mapsrc\tree.vmf
fixing up env_cubemap materials on brush sides...
0...1...2...3...4...5...6...7...8...9...10**** leaked ****
--- MAP LEAKED ---



12 threads
reading c:\program files (x86)\steam\steamapps\sourcemods\peace\maps\mapsrc\tree.bsp
Error opening c:\program files (x86)\steam\steamapps\sourcemods\peace\maps\mapsrc\tree.bsp


materialPath: C:\Program Files (x86)\Steam\steamapps\sourcemods\peace\materials
Loading c:\program files (x86)\steam\steamapps\sourcemods\peace\maps\mapsrc\tree.vmf
fixing up env_cubemap materials on brush sides...
0...1...2...3...4...5...6...7...8...9...10**** leaked ****
--- MAP LEAKED ---



12 threads
reading c:\program files (x86)\steam\steamapps\sourcemods\peace\maps\mapsrc\tree.bsp
Error opening c:\program files (x86)\steam\steamapps\sourcemods\peace\maps\mapsrc\tree.bsp


materialPath: C:\Program Files (x86)\Steam\steamapps\sourcemods\peace\materials
Loading c:\program files (x86)\steam\steamapps\sourcemods\peace\maps\mapsrc\tree.vmf
fixing up env_cubemap materials on brush sides...
0...1...2...3...4...5...6...7...8...9...10**** leaked ****
--- MAP LEAKED ---



12 threads
reading c:\program files (x86)\steam\steamapps\sourcemods\peace\maps\mapsrc\tree.bsp
Error opening c:\program files (x86)\steam\steamapps\sourcemods\peace\maps\mapsrc\tree.bsp


materialPath: C:\Program Files (x86)\Steam\steamapps\sourcemods\peace\materials
Loading c:\program files (x86)\steam\steamapps\sourcemods\peace\maps\mapsrc\tree.vmf
fixing up env_cubemap materials on brush sides...
0...1...2...3...4...5...6...7...8...9...100...1...2...3...4...5...6...7...8...9...10Processing areas...done (0)
Building Faces...done (0)
FixTjuncs...
PruneNodes...
WriteBSP...
done (0)
writing c:\program files (x86)\steam\steamapps\sourcemods\peace\maps\mapsrc\tree.prt...Building visibility clusters...
done (0)
Finding displacement neighbors...
Finding lightmap sample positions...
Displacement Alpha : 0...1...2...3...4...5...6...7...8...9...10
Building Physics collision data...
done (0) (2345 bytes)
Placing static props...
Placing detail props : 0...1...2...3...4...5...6...7...8...9...10
Compacting texture/material tables...
Reduced 14 texinfos to 3
Reduced 3 texdatas to 3 (58 bytes to 58)
Writing c:\program files (x86)\steam\steamapps\sourcemods\peace\maps\mapsrc\tree.bsp
0 seconds elapsed



12 threads
reading c:\program files (x86)\steam\steamapps\sourcemods\peace\maps\mapsrc\tree.bsp
reading c:\program files (x86)\steam\steamapps\sourcemods\peace\maps\mapsrc\tree.prt
 100 portalclusters
 180 numportals
0...1...2...3...4...5...6...7...8...9...100...1...2...3...4...5...6...7...8...9...10Optimized: 0 visible clusters (0.00%)
Total clusters visible: 10000
Average clusters visible: 100
Building PAS...
Average clusters audible: 100
visdatasize:3404  compressed from 3200
writing c:\program files (x86)\steam\steamapps\sourcemods\peace\maps\mapsrc\tree.bsp
0 seconds elapsed



[Reading texlights from 'lights.rad']
[45 texlights parsed from 'lights.rad']

Loading c:\program files (x86)\steam\steamapps\sourcemods\peace\maps\mapsrc\tree.bsp
816 faces
2228224 square feet [320864256.00 square inches]
0 Displacements
0 Square Feet [0.00 Square Inches]
816 patches before subdivision
55912 patches after subdivision
2 direct lights
0...1...2...3...4...5...6...7...8...9...100...1...2...3...4...5...6...7...8...9...10transfers 94640, max 676
transfer lists:   0.7 megs
0...1...2...3...4...5...6...7...8...9...10	Bounce #1 added RGB(0, 0, 0)
Build Patch/Sample Hash Table(s).....Done<0.0184 sec>
0...1...2...3...4...5...6...7...8...9...10FinalLightFace Done
0 of 0 (0% of) surface lights went in leaf ambient cubes.
0...1...2...3...4...5...6...7...8...9...10Writing leaf ambient...done
Ready to Finish

Object names       Objects/Maxobjs  Memory / Maxmem  Fullness 
------------       ---------------  ---------------  -------- 
models                   1/1024           48/49152    ( 0.1%) 
brushes                  6/8192           72/98304    ( 0.1%) 
brushsides              36/65536         288/524288   ( 0.1%) 
planes                  72/65536        1440/1310720  ( 0.1%) 
vertexes               851/65536       10212/786432   ( 1.3%) 
nodes                  367/65536       11744/2097152  ( 0.6%) 
texinfos                 3/12288         216/884736   ( 0.0%) 
texdata                  3/2048           96/65536    ( 0.1%) 
dispinfos                0/0               0/0        ( 0.0%) 
disp_verts               0/0               0/0        ( 0.0%) 
disp_tris                0/0               0/0        ( 0.0%) 
disp_lmsamples           0/0               0/0        ( 0.0%) 
faces                  816/65536       45696/3670016  ( 1.2%) 
hdr faces                0/65536           0/3670016  ( 0.0%) 
origfaces                6/65536         336/3670016  ( 0.0%) 
leaves                 369/65536       11808/2097152  ( 0.6%) 
leaffaces              816/65536        1632/131072   ( 1.2%) 
leafbrushes            240/65536         480/131072   ( 0.4%) 
areas                    2/256            16/2048     ( 0.8%) 
surfedges             3352/512000      13408/2048000  ( 0.7%) 
edges                 1677/256000       6708/1024000  ( 0.7%) 
LDR worldlights          2/65536         176/5767168  ( 0.0%) 
HDR worldlights          0/65536           0/5767168  ( 0.0%) 
leafwaterdata            0/32768           0/393216   ( 0.0%) 
waterstrips              0/32768           0/327680   ( 0.0%) 
waterverts               0/65536           0/786432   ( 0.0%) 
waterindices             0/65536           0/131072   ( 0.0%) 
cubemapsamples           0/1024            0/16384    ( 0.0%) 
overlays                 0/8192            0/2883584  ( 0.0%) 
LDR lightdata         [variable]     1452320/0        ( 0.0%) 
HDR lightdata         [variable]           0/0        ( 0.0%) 
visdata               [variable]        3404/16777216 ( 0.0%) 
entdata               [variable]         545/393216   ( 0.1%) 
LDR ambient table      369/65536        1476/262144   ( 0.6%) 
HDR ambient table      369/65536        1476/262144   ( 0.6%) 
LDR leaf ambient       807/65536       22596/1835008  ( 1.2%) 
HDR leaf ambient       369/65536       10332/1835008  ( 0.6%) 
occluders                0/0               0/0        ( 0.0%) 
occluder polygons        0/0               0/0        ( 0.0%) 
occluder vert ind        0/0               0/0        ( 0.0%) 
detail props          [variable]           1/12       ( 8.3%) 
static props          [variable]           1/12       ( 8.3%) 
pakfile               [variable]          54/0        ( 0.0%) 
physics               [variable]        2345/4194304  ( 0.1%) 
physics terrain       [variable]           2/1048576  ( 0.0%) 

Level flags = 1

Total triangle count: 1696
Writing c:\program files (x86)\steam\steamapps\sourcemods\peace\maps\mapsrc\tree.bsp
10 seconds elapsed



[Reading texlights from 'lights.rad']
[45 texlights parsed from 'lights.rad']

Loading c:\program files (x86)\steam\steamapps\sourcemods\peace\maps\mapsrc\tree.bsp
816 faces
2228224 square feet [320864256.00 square inches]
0 Displacements
0 Square Feet [0.00 Square Inches]
816 patches before subdivision
55912 patches after subdivision
2 direct lights
0...1...2...3...4...5...6...7...8...9...100...1...2...3...4...5...6...7...8...9...10transfers 94640, max 676
transfer lists:   0.7 megs
0...1...2...3...4...5...6...7...8...9...10	Bounce #1 added RGB(0, 0, 0)
Build Patch/Sample Hash Table(s).....Done<0.0194 sec>
0...1...2...3...4...5...6...7...8...9...10FinalLightFace Done
0 of 0 (0% of) surface lights went in leaf ambient cubes.
0...1...2...3...4...5...6...7...8...9...10Writing leaf ambient...done
Ready to Finish

Object names       Objects/Maxobjs  Memory / Maxmem  Fullness 
------------       ---------------  ---------------  -------- 
models                   1/1024           48/49152    ( 0.1%) 
brushes                  6/8192           72/98304    ( 0.1%) 
brushsides              36/65536         288/524288   ( 0.1%) 
planes                  72/65536        1440/1310720  ( 0.1%) 
vertexes               851/65536       10212/786432   ( 1.3%) 
nodes                  367/65536       11744/2097152  ( 0.6%) 
texinfos                 3/12288         216/884736   ( 0.0%) 
texdata                  3/2048           96/65536    ( 0.1%) 
dispinfos                0/0               0/0        ( 0.0%) 
disp_verts               0/0               0/0        ( 0.0%) 
disp_tris                0/0               0/0        ( 0.0%) 
disp_lmsamples           0/0               0/0        ( 0.0%) 
faces                  816/65536       45696/3670016  ( 1.2%) 
hdr faces              816/65536       45696/3670016  ( 1.2%) 
origfaces                6/65536         336/3670016  ( 0.0%) 
leaves                 369/65536       11808/2097152  ( 0.6%) 
leaffaces              816/65536        1632/131072   ( 1.2%) 
leafbrushes            240/65536         480/131072   ( 0.4%) 
areas                    2/256            16/2048     ( 0.8%) 
surfedges             3352/512000      13408/2048000  ( 0.7%) 
edges                 1677/256000       6708/1024000  ( 0.7%) 
LDR worldlights          2/65536         176/5767168  ( 0.0%) 
HDR worldlights          2/65536         176/5767168  ( 0.0%) 
leafwaterdata            0/32768           0/393216   ( 0.0%) 
waterstrips              0/32768           0/327680   ( 0.0%) 
waterverts               0/65536           0/786432   ( 0.0%) 
waterindices             0/65536           0/131072   ( 0.0%) 
cubemapsamples           0/1024            0/16384    ( 0.0%) 
overlays                 0/8192            0/2883584  ( 0.0%) 
LDR lightdata         [variable]     1452320/0        ( 0.0%) 
HDR lightdata         [variable]     1452320/0        ( 0.0%) 
visdata               [variable]        3404/16777216 ( 0.0%) 
entdata               [variable]         545/393216   ( 0.1%) 
LDR ambient table      369/65536        1476/262144   ( 0.6%) 
HDR ambient table      369/65536        1476/262144   ( 0.6%) 
LDR leaf ambient       807/65536       22596/1835008  ( 1.2%) 
HDR leaf ambient       807/65536       22596/1835008  ( 1.2%) 
occluders                0/0               0/0        ( 0.0%) 
occluder polygons        0/0               0/0        ( 0.0%) 
occluder vert ind        0/0               0/0        ( 0.0%) 
detail props          [variable]           1/12       ( 8.3%) 
static props          [variable]           1/12       ( 8.3%) 
pakfile               [variable]          54/0        ( 0.0%) 
physics               [variable]        2345/4194304  ( 0.1%) 
physics terrain       [variable]           2/1048576  ( 0.0%) 

Level flags = 3

Total triangle count: 1696
Writing c:\program files (x86)\steam\steamapps\sourcemods\peace\maps\mapsrc\tree.bsp
10 seconds elapsed



materialPath: C:\Program Files (x86)\Steam\steamapps\sourcemods\peace\materials
Loading c:\program files (x86)\steam\steamapps\sourcemods\peace\maps\mapsrc\tree.vmf
fixing up env_cubemap materials on brush sides...
0...1...2...3...4...5...6...7...8...9...100...1...2...3...4...5...6...7...8...9...10Processing areas...done (0)
Building Faces...done (0)
FixTjuncs...
PruneNodes...
WriteBSP...
done (0)
writing c:\program files (x86)\steam\steamapps\sourcemods\peace\maps\mapsrc\tree.prt...Building visibility clusters...
done (0)
Finding displacement neighbors...
Finding lightmap sample positions...
Displacement Alpha : 0...1...2...3...4...5...6...7...8...9...10
Building Physics collision data...
done (0) (2345 bytes)
Placing static props...
Placing detail props : 0...1...2...3...4...5...6...7...8...9...10
Compacting texture/material tables...
Reduced 14 texinfos to 3
Reduced 3 texdatas to 3 (58 bytes to 58)
Writing c:\program files (x86)\steam\steamapps\sourcemods\peace\maps\mapsrc\tree.bsp
0 seconds elapsed



12 threads
reading c:\program files (x86)\steam\steamapps\sourcemods\peace\maps\mapsrc\tree.bsp
reading c:\program files (x86)\steam\steamapps\sourcemods\peace\maps\mapsrc\tree.prt
 100 portalclusters
 180 numportals
0...1...2...3...4...5...6...7...8...9...100...1...2...3...4...5...6...7...8...9...10Optimized: 0 visible clusters (0.00%)
Total clusters visible: 10000
Average clusters visible: 100
Building PAS...
Average clusters audible: 100
visdatasize:3404  compressed from 3200
writing c:\program files (x86)\steam\steamapps\sourcemods\peace\maps\mapsrc\tree.bsp
0 seconds elapsed



[Reading texlights from 'lights.rad']
[45 texlights parsed from 'lights.rad']

Loading c:\program files (x86)\steam\steamapps\sourcemods\peace\maps\mapsrc\tree.bsp
816 faces
2228224 square feet [320864256.00 square inches]
0 Displacements
0 Square Feet [0.00 Square Inches]
816 patches before subdivision
55912 patches after subdivision
2 direct lights
0...1...2...3...4...5...6...7...8...9...100...1...2...3...4...5...6...7...8...9...10transfers 94640, max 676
transfer lists:   0.7 megs
0...1...2...3...4...5...6...7...8...9...10	Bounce #1 added RGB(0, 0, 0)
Build Patch/Sample Hash Table(s).....Done<0.0172 sec>
0...1...2...3...4...5...6...7...8...9...10FinalLightFace Done
0 of 0 (0% of) surface lights went in leaf ambient cubes.
0...1...2...3...4...5...6...7...8...9...10Writing leaf ambient...done
Ready to Finish

Object names       Objects/Maxobjs  Memory / Maxmem  Fullness 
------------       ---------------  ---------------  -------- 
models                   1/1024           48/49152    ( 0.1%) 
brushes                  6/8192           72/98304    ( 0.1%) 
brushsides              36/65536         288/524288   ( 0.1%) 
planes                  72/65536        1440/1310720  ( 0.1%) 
vertexes               851/65536       10212/786432   ( 1.3%) 
nodes                  367/65536       11744/2097152  ( 0.6%) 
texinfos                 3/12288         216/884736   ( 0.0%) 
texdata                  3/2048           96/65536    ( 0.1%) 
dispinfos                0/0               0/0        ( 0.0%) 
disp_verts               0/0               0/0        ( 0.0%) 
disp_tris                0/0               0/0        ( 0.0%) 
disp_lmsamples           0/0               0/0        ( 0.0%) 
faces                  816/65536       45696/3670016  ( 1.2%) 
hdr faces                0/65536           0/3670016  ( 0.0%) 
origfaces                6/65536         336/3670016  ( 0.0%) 
leaves                 369/65536       11808/2097152  ( 0.6%) 
leaffaces              816/65536        1632/131072   ( 1.2%) 
leafbrushes            240/65536         480/131072   ( 0.4%) 
areas                    2/256            16/2048     ( 0.8%) 
surfedges             3352/512000      13408/2048000  ( 0.7%) 
edges                 1677/256000       6708/1024000  ( 0.7%) 
LDR worldlights          2/65536         176/5767168  ( 0.0%) 
HDR worldlights          0/65536           0/5767168  ( 0.0%) 
leafwaterdata            0/32768           0/393216   ( 0.0%) 
waterstrips              0/32768           0/327680   ( 0.0%) 
waterverts               0/65536           0/786432   ( 0.0%) 
waterindices             0/65536           0/131072   ( 0.0%) 
cubemapsamples           0/1024            0/16384    ( 0.0%) 
overlays                 0/8192            0/2883584  ( 0.0%) 
LDR lightdata         [variable]     1452320/0        ( 0.0%) 
HDR lightdata         [variable]           0/0        ( 0.0%) 
visdata               [variable]        3404/16777216 ( 0.0%) 
entdata               [variable]         545/393216   ( 0.1%) 
LDR ambient table      369/65536        1476/262144   ( 0.6%) 
HDR ambient table      369/65536        1476/262144   ( 0.6%) 
LDR leaf ambient       807/65536       22596/1835008  ( 1.2%) 
HDR leaf ambient       369/65536       10332/1835008  ( 0.6%) 
occluders                0/0               0/0        ( 0.0%) 
occluder polygons        0/0               0/0        ( 0.0%) 
occluder vert ind        0/0               0/0        ( 0.0%) 
detail props          [variable]           1/12       ( 8.3%) 
static props          [variable]           1/12       ( 8.3%) 
pakfile               [variable]          54/0        ( 0.0%) 
physics               [variable]        2345/4194304  ( 0.1%) 
physics terrain       [variable]           2/1048576  ( 0.0%) 

Level flags = 1

Total triangle count: 1696
Writing c:\program files (x86)\steam\steamapps\sourcemods\peace\maps\mapsrc\tree.bsp
10 seconds elapsed



materialPath: C:\Program Files (x86)\Steam\steamapps\sourcemods\peace\materials
Loading c:\program files (x86)\steam\steamapps\sourcemods\peace\maps\mapsrc\tree.vmf
fixing up env_cubemap materials on brush sides...
0...1...2...3...4...5...6...7...8...9...100...1...2...3...4...5...6...7...8...9...10Processing areas...done (0)
Building Faces...done (0)
FixTjuncs...
PruneNodes...
WriteBSP...
done (0)
writing c:\program files (x86)\steam\steamapps\sourcemods\peace\maps\mapsrc\tree.prt...Building visibility clusters...
done (0)
Finding displacement neighbors...
Finding lightmap sample positions...
Displacement Alpha : 0...1...2...3...4...5...6...7...8...9...10
Building Physics collision data...
done (0) (2345 bytes)
Placing static props...
Placing detail props : 0...1...2...3...4...5...6...7...8...9...10
Compacting texture/material tables...
Reduced 14 texinfos to 3
Reduced 3 texdatas to 3 (58 bytes to 58)
Writing c:\program files (x86)\steam\steamapps\sourcemods\peace\maps\mapsrc\tree.bsp
0 seconds elapsed



12 threads
reading c:\program files (x86)\steam\steamapps\sourcemods\peace\maps\mapsrc\tree.bsp
reading c:\program files (x86)\steam\steamapps\sourcemods\peace\maps\mapsrc\tree.prt
 100 portalclusters
 180 numportals
0...1...2...3...4...5...6...7...8...9...100...1...2...3...4...5...6...7...8...9...10Optimized: 0 visible clusters (0.00%)
Total clusters visible: 10000
Average clusters visible: 100
Building PAS...
Average clusters audible: 100
visdatasize:3404  compressed from 3200
writing c:\program files (x86)\steam\steamapps\sourcemods\peace\maps\mapsrc\tree.bsp
0 seconds elapsed



[Reading texlights from 'lights.rad']
[45 texlights parsed from 'lights.rad']

Loading c:\program files (x86)\steam\steamapps\sourcemods\peace\maps\mapsrc\tree.bsp
816 faces
2228224 square feet [320864256.00 square inches]
0 Displacements
0 Square Feet [0.00 Square Inches]
816 patches before subdivision
55912 patches after subdivision
2 direct lights
0...1...2...3...4...5...6...7...8...9...100...1...2...3...4...5...6...7...8...9...10transfers 94640, max 676
transfer lists:   0.7 megs
0...1...2...3...4...5...6...7...8...9...10	Bounce #1 added RGB(0, 0, 0)
Build Patch/Sample Hash Table(s).....Done<0.0179 sec>
0...1...2...3...4...5...6...7...8...9...10FinalLightFace Done
0 of 0 (0% of) surface lights went in leaf ambient cubes.
0...1...2...3...4...5...6...7...8...9...10Writing leaf ambient...done
Ready to Finish

Object names       Objects/Maxobjs  Memory / Maxmem  Fullness 
------------       ---------------  ---------------  -------- 
models                   1/1024           48/49152    ( 0.1%) 
brushes                  6/8192           72/98304    ( 0.1%) 
brushsides              36/65536         288/524288   ( 0.1%) 
planes                  72/65536        1440/1310720  ( 0.1%) 
vertexes               851/65536       10212/786432   ( 1.3%) 
nodes                  367/65536       11744/2097152  ( 0.6%) 
texinfos                 3/12288         216/884736   ( 0.0%) 
texdata                  3/2048           96/65536    ( 0.1%) 
dispinfos                0/0               0/0        ( 0.0%) 
disp_verts               0/0               0/0        ( 0.0%) 
disp_tris                0/0               0/0        ( 0.0%) 
disp_lmsamples           0/0               0/0        ( 0.0%) 
faces                  816/65536       45696/3670016  ( 1.2%) 
hdr faces                0/65536           0/3670016  ( 0.0%) 
origfaces                6/65536         336/3670016  ( 0.0%) 
leaves                 369/65536       11808/2097152  ( 0.6%) 
leaffaces              816/65536        1632/131072   ( 1.2%) 
leafbrushes            240/65536         480/131072   ( 0.4%) 
areas                    2/256            16/2048     ( 0.8%) 
surfedges             3352/512000      13408/2048000  ( 0.7%) 
edges                 1677/256000       6708/1024000  ( 0.7%) 
LDR worldlights          2/65536         176/5767168  ( 0.0%) 
HDR worldlights          0/65536           0/5767168  ( 0.0%) 
leafwaterdata            0/32768           0/393216   ( 0.0%) 
waterstrips              0/32768           0/327680   ( 0.0%) 
waterverts               0/65536           0/786432   ( 0.0%) 
waterindices             0/65536           0/131072   ( 0.0%) 
cubemapsamples           0/1024            0/16384    ( 0.0%) 
overlays                 0/8192            0/2883584  ( 0.0%) 
LDR lightdata         [variable]     1452320/0        ( 0.0%) 
HDR lightdata         [variable]           0/0        ( 0.0%) 
visdata               [variable]        3404/16777216 ( 0.0%) 
entdata               [variable]         545/393216   ( 0.1%) 
LDR ambient table      369/65536        1476/262144   ( 0.6%) 
HDR ambient table      369/65536        1476/262144   ( 0.6%) 
LDR leaf ambient       807/65536       22596/1835008  ( 1.2%) 
HDR leaf ambient       369/65536       10332/1835008  ( 0.6%) 
occluders                0/0               0/0        ( 0.0%) 
occluder polygons        0/0               0/0        ( 0.0%) 
occluder vert ind        0/0               0/0        ( 0.0%) 
detail props          [variable]           1/12       ( 8.3%) 
static props          [variable]           1/12       ( 8.3%) 
pakfile               [variable]          54/0        ( 0.0%) 
physics               [variable]        2345/4194304  ( 0.1%) 
physics terrain       [variable]           2/1048576  ( 0.0%) 

Level flags = 1

Total triangle count: 1696
Writing c:\program files (x86)\steam\steamapps\sourcemods\peace\maps\mapsrc\tree.bsp
10 seconds elapsed



materialPath: C:\Program Files (x86)\Steam\steamapps\sourcemods\peace\materials
Loading c:\program files (x86)\steam\steamapps\sourcemods\peace\maps\mapsrc\tree.vmf
fixing up env_cubemap materials on brush sides...
0...1...2...3...4...5...6...7...8...9...100...1...2...3...4...5...6...7...8...9...10Processing areas...done (0)
Building Faces...done (0)
FixTjuncs...
PruneNodes...
WriteBSP...
done (0)
writing c:\program files (x86)\steam\steamapps\sourcemods\peace\maps\mapsrc\tree.prt...Building visibility clusters...
done (0)
Finding displacement neighbors...
Finding lightmap sample positions...
Displacement Alpha : 0...1...2...3...4...5...6...7...8...9...10
Building Physics collision data...
done (0) (2893 bytes)
Placing static props...
Placing detail props : 0...1...2...3...4...5...6...7...8...9...10
Compacting texture/material tables...
Reduced 17 texinfos to 4
Reduced 4 texdatas to 4 (83 bytes to 83)
Writing c:\program files (x86)\steam\steamapps\sourcemods\peace\maps\mapsrc\tree.bsp
0 seconds elapsed



12 threads
reading c:\program files (x86)\steam\steamapps\sourcemods\peace\maps\mapsrc\tree.bsp
reading c:\program files (x86)\steam\steamapps\sourcemods\peace\maps\mapsrc\tree.prt
 100 portalclusters
 180 numportals
0...1...2...3...4...5...6...7...8...9...100...1...2...3...4...5...6...7...8...9...10Optimized: 0 visible clusters (0.00%)
Total clusters visible: 10000
Average clusters visible: 100
Building PAS...
Average clusters audible: 100
visdatasize:3404  compressed from 3200
writing c:\program files (x86)\steam\steamapps\sourcemods\peace\maps\mapsrc\tree.bsp
0 seconds elapsed



[Reading texlights from 'lights.rad']
[45 texlights parsed from 'lights.rad']

Loading c:\program files (x86)\steam\steamapps\sourcemods\peace\maps\mapsrc\tree.bsp
817 faces
2228266 square feet [320870400.00 square inches]
0 Displacements
0 Square Feet [0.00 Square Inches]
817 patches before subdivision
55913 patches after subdivision
2 direct lights
0...1...2...3...4...5...6...7...8...9...100...1...2...3...4...5...6...7...8...9...10transfers 94435, max 676
transfer lists:   0.7 megs
0...1...2...3...4...5...6...7...8...9...10	Bounce #1 added RGB(0, 0, 0)
Build Patch/Sample Hash Table(s).....Done<0.0193 sec>
0...1...2...3...4...5...6...7...8...9...10FinalLightFace Done
0 of 0 (0% of) surface lights went in leaf ambient cubes.
0...1...2...3...4...5...6...7...8...9...10Writing leaf ambient...done
Computing static prop lighting : 00...1...2...3...4...5...6...7...8...9...10
Ready to Finish

Object names       Objects/Maxobjs  Memory / Maxmem  Fullness 
------------       ---------------  ---------------  -------- 
models                   2/1024           96/49152    ( 0.2%) 
brushes                  7/8192           84/98304    ( 0.1%) 
brushsides              42/65536         336/524288   ( 0.1%) 
planes                  94/65536        1880/1310720  ( 0.1%) 
vertexes               859/65536       10308/786432   ( 1.3%) 
nodes                  373/65536       11936/2097152  ( 0.6%) 
texinfos                 4/12288         288/884736   ( 0.0%) 
texdata                  4/2048          128/65536    ( 0.2%) 
dispinfos                0/0               0/0        ( 0.0%) 
disp_verts               0/0               0/0        ( 0.0%) 
disp_tris                0/0               0/0        ( 0.0%) 
disp_lmsamples           0/0               0/0        ( 0.0%) 
faces                  817/65536       45752/3670016  ( 1.2%) 
hdr faces                0/65536           0/3670016  ( 0.0%) 
origfaces                7/65536         392/3670016  ( 0.0%) 
leaves                 376/65536       12032/2097152  ( 0.6%) 
leaffaces              817/65536        1634/131072   ( 1.2%) 
leafbrushes            241/65536         482/131072   ( 0.4%) 
areas                    2/256            16/2048     ( 0.8%) 
surfedges             3360/512000      13440/2048000  ( 0.7%) 
edges                 1685/256000       6740/1024000  ( 0.7%) 
LDR worldlights          2/65536         176/5767168  ( 0.0%) 
HDR worldlights          0/65536           0/5767168  ( 0.0%) 
leafwaterdata            0/32768           0/393216   ( 0.0%) 
waterstrips              0/32768           0/327680   ( 0.0%) 
waterverts               0/65536           0/786432   ( 0.0%) 
waterindices             0/65536           0/131072   ( 0.0%) 
cubemapsamples           0/1024            0/16384    ( 0.0%) 
overlays                 0/8192            0/2883584  ( 0.0%) 
LDR lightdata         [variable]     1452320/0        ( 0.0%) 
HDR lightdata         [variable]           0/0        ( 0.0%) 
visdata               [variable]        3404/16777216 ( 0.0%) 
entdata               [variable]        1727/393216   ( 0.4%) 
LDR ambient table      376/65536        1504/262144   ( 0.6%) 
HDR ambient table      376/65536        1504/262144   ( 0.6%) 
LDR leaf ambient       827/65536       23156/1835008  ( 1.3%) 
HDR leaf ambient       376/65536       10528/1835008  ( 0.6%) 
occluders                0/0               0/0        ( 0.0%) 
occluder polygons        0/0               0/0        ( 0.0%) 
occluder vert ind        0/0               0/0        ( 0.0%) 
detail props          [variable]           1/12       ( 8.3%) 
static props          [variable]           1/208      ( 0.5%) 
pakfile               [variable]       24722/0        ( 0.0%) 
physics               [variable]        2893/4194304  ( 0.1%) 
physics terrain       [variable]           2/1048576  ( 0.0%) 

Level flags = 1

Total triangle count: 1698
Writing c:\program files (x86)\steam\steamapps\sourcemods\peace\maps\mapsrc\tree.bsp
11 seconds elapsed



materialPath: C:\Program Files (x86)\Steam\steamapps\sourcemods\peace\materials
Loading c:\program files (x86)\steam\steamapps\sourcemods\peace\maps\mapsrc\tree.vmf
fixing up env_cubemap materials on brush sides...
0...1...2...3...4...5...6...7...8...9...100...1...2...3...4...5...6...7...8...9...10Processing areas...done (0)
Building Faces...done (0)
FixTjuncs...
PruneNodes...
WriteBSP...
done (0)
writing c:\program files (x86)\steam\steamapps\sourcemods\peace\maps\mapsrc\tree.prt...Building visibility clusters...
done (0)
Finding displacement neighbors...
Finding lightmap sample positions...
Displacement Alpha : 0...1...2...3...4...5...6...7...8...9...10
Building Physics collision data...
done (0) (4348 bytes)
Placing static props...
Placing detail props : 0...1...2...3...4...5...6...7...8...9...10
Compacting texture/material tables...
Reduced 27 texinfos to 12
Reduced 5 texdatas to 5 (113 bytes to 113)
Writing c:\program files (x86)\steam\steamapps\sourcemods\peace\maps\mapsrc\tree.bsp
0 seconds elapsed



12 threads
reading c:\program files (x86)\steam\steamapps\sourcemods\peace\maps\mapsrc\tree.bsp
reading c:\program files (x86)\steam\steamapps\sourcemods\peace\maps\mapsrc\tree.prt
 120 portalclusters
 256 numportals
0...1...2...3...4...5...6...7...8...9...100...1...2...3...4...5...6...7...8...9...10Optimized: 0 visible clusters (0.00%)
Total clusters visible: 14272
Average clusters visible: 118
Building PAS...
Average clusters audible: 120
visdatasize:4564  compressed from 3840
writing c:\program files (x86)\steam\steamapps\sourcemods\peace\maps\mapsrc\tree.bsp
0 seconds elapsed



[Reading texlights from 'lights.rad']
[45 texlights parsed from 'lights.rad']

Loading c:\program files (x86)\steam\steamapps\sourcemods\peace\maps\mapsrc\tree.bsp
853 faces
2228275 square feet [320871680.00 square inches]
0 Displacements
0 Square Feet [0.00 Square Inches]
853 patches before subdivision
55949 patches after subdivision
3 direct lights
0...1...2...3...4...5...6...7...8...9...100...1...2...3...4...5...6...7...8...9...10transfers 105394, max 692
transfer lists:   0.8 megs
0...1...2...3...4...5...6...7...8...9...10	Bounce #1 added RGB(184, 215, 69)
0...1...2...3...4...5...6...7...8...9...10	Bounce #2 added RGB(2, 2, 1)
0...1...2...3...4...5...6...7...8...9...10	Bounce #3 added RGB(0, 0, 0)
Build Patch/Sample Hash Table(s).....Done<0.0169 sec>
0...1...2...3...4...5...6...7...8...9...10FinalLightFace Done
0 of 0 (0% of) surface lights went in leaf ambient cubes.
0...1...2...3...4...5...6...7...8...9...10Writing leaf ambient...done
Computing static prop lighting : 00...1...2...3...4...5...6...7...8...9...10
Ready to Finish

Object names       Objects/Maxobjs  Memory / Maxmem  Fullness 
------------       ---------------  ---------------  -------- 
models                   2/1024           96/49152    ( 0.2%) 
brushes                 11/8192          132/98304    ( 0.1%) 
brushsides              66/65536         528/524288   ( 0.1%) 
planes                 104/65536        2080/1310720  ( 0.2%) 
vertexes               899/65536       10788/786432   ( 1.4%) 
nodes                  401/65536       12832/2097152  ( 0.6%) 
texinfos                12/12288         864/884736   ( 0.1%) 
texdata                  5/2048          160/65536    ( 0.2%) 
dispinfos                0/0               0/0        ( 0.0%) 
disp_verts               0/0               0/0        ( 0.0%) 
disp_tris                0/0               0/0        ( 0.0%) 
disp_lmsamples           0/0               0/0        ( 0.0%) 
faces                  853/65536       47768/3670016  ( 1.3%) 
hdr faces                0/65536           0/3670016  ( 0.0%) 
origfaces               27/65536        1512/3670016  ( 0.0%) 
leaves                 404/65536       12928/2097152  ( 0.6%) 
leaffaces              853/65536        1706/131072   ( 1.3%) 
leafbrushes            249/65536         498/131072   ( 0.4%) 
areas                    2/256            16/2048     ( 0.8%) 
surfedges             3592/512000      14368/2048000  ( 0.7%) 
edges                 1809/256000       7236/1024000  ( 0.7%) 
LDR worldlights          3/65536         264/5767168  ( 0.0%) 
HDR worldlights          0/65536           0/5767168  ( 0.0%) 
leafwaterdata            0/32768           0/393216   ( 0.0%) 
waterstrips              0/32768           0/327680   ( 0.0%) 
waterverts               0/65536           0/786432   ( 0.0%) 
waterindices             0/65536           0/131072   ( 0.0%) 
cubemapsamples           0/1024            0/16384    ( 0.0%) 
overlays                 0/8192            0/2883584  ( 0.0%) 
LDR lightdata         [variable]     1453520/0        ( 0.0%) 
HDR lightdata         [variable]           0/0        ( 0.0%) 
visdata               [variable]        4564/16777216 ( 0.0%) 
entdata               [variable]        2222/393216   ( 0.6%) 
LDR ambient table      404/65536        1616/262144   ( 0.6%) 
HDR ambient table      404/65536        1616/262144   ( 0.6%) 
LDR leaf ambient       909/65536       25452/1835008  ( 1.4%) 
HDR leaf ambient       404/65536       11312/1835008  ( 0.6%) 
occluders                0/0               0/0        ( 0.0%) 
occluder polygons        0/0               0/0        ( 0.0%) 
occluder vert ind        0/0               0/0        ( 0.0%) 
detail props          [variable]           1/12       ( 8.3%) 
static props          [variable]           1/216      ( 0.5%) 
pakfile               [variable]       24722/0        ( 0.0%) 
physics               [variable]        4348/4194304  ( 0.1%) 
physics terrain       [variable]           2/1048576  ( 0.0%) 

Level flags = 1

Total triangle count: 1778
Writing c:\program files (x86)\steam\steamapps\sourcemods\peace\maps\mapsrc\tree.bsp
11 seconds elapsed



materialPath: C:\Program Files (x86)\Steam\steamapps\sourcemods\peace\materials
Loading c:\program files (x86)\steam\steamapps\sourcemods\peace\maps\mapsrc\tree.vmf
fixing up env_cubemap materials on brush sides...
0...1...2...3...4...5...6...7...8...9...100...1...2...3...4...5...6...7...8...9...10Processing areas...done (0)
Building Faces...done (0)
FixTjuncs...
PruneNodes...
WriteBSP...
done (0)
writing c:\program files (x86)\steam\steamapps\sourcemods\peace\maps\mapsrc\tree.prt...Building visibility clusters...
done (0)
Finding displacement neighbors...
Finding lightmap sample positions...
Displacement Alpha : 0...1...2...3...4...5...6...7...8...9...10
Building Physics collision data...
done (0) (4348 bytes)
Placing static props...
Placing detail props : 0...1...2...3...4...5...6...7...8...9...10
Compacting texture/material tables...
Reduced 27 texinfos to 12
Reduced 5 texdatas to 5 (113 bytes to 113)
Writing c:\program files (x86)\steam\steamapps\sourcemods\peace\maps\mapsrc\tree.bsp
0 seconds elapsed



12 threads
reading c:\program files (x86)\steam\steamapps\sourcemods\peace\maps\mapsrc\tree.bsp
reading c:\program files (x86)\steam\steamapps\sourcemods\peace\maps\mapsrc\tree.prt
 120 portalclusters
 256 numportals
0...1...2...3...4...5...6...7...8...9...100...1...2...3...4...5...6...7...8...9...10Optimized: 0 visible clusters (0.00%)
Total clusters visible: 14272
Average clusters visible: 118
Building PAS...
Average clusters audible: 120
visdatasize:4564  compressed from 3840
writing c:\program files (x86)\steam\steamapps\sourcemods\peace\maps\mapsrc\tree.bsp
0 seconds elapsed



[Reading texlights from 'lights.rad']
[45 texlights parsed from 'lights.rad']

Loading c:\program files (x86)\steam\steamapps\sourcemods\peace\maps\mapsrc\tree.bsp
853 faces
2228275 square feet [320871680.00 square inches]
0 Displacements
0 Square Feet [0.00 Square Inches]
853 patches before subdivision
55949 patches after subdivision
3 direct lights
0...1...2...3...4...5...6...7...8...9...100...1...2...3...4...5...6...7...8...9...10transfers 105394, max 692
transfer lists:   0.8 megs
0...1...2...3...4...5...6...7...8...9...10	Bounce #1 added RGB(184, 215, 69)
0...1...2...3...4...5...6...7...8...9...10	Bounce #2 added RGB(2, 2, 1)
0...1...2...3...4...5...6...7...8...9...10	Bounce #3 added RGB(0, 0, 0)
Build Patch/Sample Hash Table(s).....Done<0.0175 sec>
0...1...2...3...4...5...6...7...8...9...10FinalLightFace Done
0 of 0 (0% of) surface lights went in leaf ambient cubes.
0...1...2...3...4...5...6...7...8...9...10Writing leaf ambient...done
Computing static prop lighting : 00...1...2...3...4...5...6...7...8...9...10
Ready to Finish

Object names       Objects/Maxobjs  Memory / Maxmem  Fullness 
------------       ---------------  ---------------  -------- 
models                   2/1024           96/49152    ( 0.2%) 
brushes                 11/8192          132/98304    ( 0.1%) 
brushsides              66/65536         528/524288   ( 0.1%) 
planes                 104/65536        2080/1310720  ( 0.2%) 
vertexes               899/65536       10788/786432   ( 1.4%) 
nodes                  401/65536       12832/2097152  ( 0.6%) 
texinfos                12/12288         864/884736   ( 0.1%) 
texdata                  5/2048          160/65536    ( 0.2%) 
dispinfos                0/0               0/0        ( 0.0%) 
disp_verts               0/0               0/0        ( 0.0%) 
disp_tris                0/0               0/0        ( 0.0%) 
disp_lmsamples           0/0               0/0        ( 0.0%) 
faces                  853/65536       47768/3670016  ( 1.3%) 
hdr faces                0/65536           0/3670016  ( 0.0%) 
origfaces               27/65536        1512/3670016  ( 0.0%) 
leaves                 404/65536       12928/2097152  ( 0.6%) 
leaffaces              853/65536        1706/131072   ( 1.3%) 
leafbrushes            249/65536         498/131072   ( 0.4%) 
areas                    2/256            16/2048     ( 0.8%) 
surfedges             3592/512000      14368/2048000  ( 0.7%) 
edges                 1809/256000       7236/1024000  ( 0.7%) 
LDR worldlights          3/65536         264/5767168  ( 0.0%) 
HDR worldlights          0/65536           0/5767168  ( 0.0%) 
leafwaterdata            0/32768           0/393216   ( 0.0%) 
waterstrips              0/32768           0/327680   ( 0.0%) 
waterverts               0/65536           0/786432   ( 0.0%) 
waterindices             0/65536           0/131072   ( 0.0%) 
cubemapsamples           0/1024            0/16384    ( 0.0%) 
overlays                 0/8192            0/2883584  ( 0.0%) 
LDR lightdata         [variable]     1453520/0        ( 0.0%) 
HDR lightdata         [variable]           0/0        ( 0.0%) 
visdata               [variable]        4564/16777216 ( 0.0%) 
entdata               [variable]        2253/393216   ( 0.6%) 
LDR ambient table      404/65536        1616/262144   ( 0.6%) 
HDR ambient table      404/65536        1616/262144   ( 0.6%) 
LDR leaf ambient       909/65536       25452/1835008  ( 1.4%) 
HDR leaf ambient       404/65536       11312/1835008  ( 0.6%) 
occluders                0/0               0/0        ( 0.0%) 
occluder polygons        0/0               0/0        ( 0.0%) 
occluder vert ind        0/0               0/0        ( 0.0%) 
detail props          [variable]           1/12       ( 8.3%) 
static props          [variable]           1/216      ( 0.5%) 
pakfile               [variable]       24722/0        ( 0.0%) 
physics               [variable]        4348/4194304  ( 0.1%) 
physics terrain       [variable]           2/1048576  ( 0.0%) 

Level flags = 1

Total triangle count: 1778
Writing c:\program files (x86)\steam\steamapps\sourcemods\peace\maps\mapsrc\tree.bsp
12 seconds elapsed



materialPath: C:\Program Files (x86)\Steam\steamapps\sourcemods\peace\materials
Loading c:\program files (x86)\steam\steamapps\sourcemods\peace\maps\mapsrc\tree.vmf
fixing up env_cubemap materials on brush sides...
0...1...2...3...4...5...6...7...8...9...100...1...2...3...4...5...6...7...8...9...10Processing areas...done (0)
Building Faces...done (0)
FixTjuncs...
PruneNodes...
WriteBSP...
done (0)
writing c:\program files (x86)\steam\steamapps\sourcemods\peace\maps\mapsrc\tree.prt...Building visibility clusters...
done (0)
Finding displacement neighbors...
Finding lightmap sample positions...
Displacement Alpha : 0...1...2...3...4...5...6...7...8...9...10
Building Physics collision data...
done (0) (4348 bytes)
Placing static props...
Placing detail props : 0...1...2...3...4...5...6...7...8...9...10
Compacting texture/material tables...
Reduced 27 texinfos to 12
Reduced 5 texdatas to 5 (113 bytes to 113)
Writing c:\program files (x86)\steam\steamapps\sourcemods\peace\maps\mapsrc\tree.bsp
0 seconds elapsed



12 threads
reading c:\program files (x86)\steam\steamapps\sourcemods\peace\maps\mapsrc\tree.bsp
reading c:\program files (x86)\steam\steamapps\sourcemods\peace\maps\mapsrc\tree.prt
 120 portalclusters
 256 numportals
0...1...2...3...4...5...6...7...8...9...100...1...2...3...4...5...6...7...8...9...10Optimized: 0 visible clusters (0.00%)
Total clusters visible: 14272
Average clusters visible: 118
Building PAS...
Average clusters audible: 120
visdatasize:4564  compressed from 3840
writing c:\program files (x86)\steam\steamapps\sourcemods\peace\maps\mapsrc\tree.bsp
0 seconds elapsed



[Reading texlights from 'lights.rad']
[45 texlights parsed from 'lights.rad']

Loading c:\program files (x86)\steam\steamapps\sourcemods\peace\maps\mapsrc\tree.bsp
853 faces
2228275 square feet [320871680.00 square inches]
0 Displacements
0 Square Feet [0.00 Square Inches]
853 patches before subdivision
55949 patches after subdivision
3 direct lights
0...1...2...3...4...5...6...7...8...9...100...1...2...3...4...5...6...7...8...9...10transfers 105394, max 692
transfer lists:   0.8 megs
0...1...2...3...4...5...6...7...8...9...10	Bounce #1 added RGB(184, 215, 69)
0...1...2...3...4...5...6...7...8...9...10	Bounce #2 added RGB(2, 2, 1)
0...1...2...3...4...5...6...7...8...9...10	Bounce #3 added RGB(0, 0, 0)
Build Patch/Sample Hash Table(s).....Done<0.0190 sec>
0...1...2...3...4...5...6...7...8...9...10FinalLightFace Done
0 of 0 (0% of) surface lights went in leaf ambient cubes.
0...1...2...3...4...5...6...7...8...9...10Writing leaf ambient...done
Computing static prop lighting : 00...1...2...3...4...5...6...7...8...9...10
Ready to Finish

Object names       Objects/Maxobjs  Memory / Maxmem  Fullness 
------------       ---------------  ---------------  -------- 
models                   2/1024           96/49152    ( 0.2%) 
brushes                 11/8192          132/98304    ( 0.1%) 
brushsides              66/65536         528/524288   ( 0.1%) 
planes                 104/65536        2080/1310720  ( 0.2%) 
vertexes               899/65536       10788/786432   ( 1.4%) 
nodes                  401/65536       12832/2097152  ( 0.6%) 
texinfos                12/12288         864/884736   ( 0.1%) 
texdata                  5/2048          160/65536    ( 0.2%) 
dispinfos                0/0               0/0        ( 0.0%) 
disp_verts               0/0               0/0        ( 0.0%) 
disp_tris                0/0               0/0        ( 0.0%) 
disp_lmsamples           0/0               0/0        ( 0.0%) 
faces                  853/65536       47768/3670016  ( 1.3%) 
hdr faces                0/65536           0/3670016  ( 0.0%) 
origfaces               27/65536        1512/3670016  ( 0.0%) 
leaves                 404/65536       12928/2097152  ( 0.6%) 
leaffaces              853/65536        1706/131072   ( 1.3%) 
leafbrushes            249/65536         498/131072   ( 0.4%) 
areas                    2/256            16/2048     ( 0.8%) 
surfedges             3592/512000      14368/2048000  ( 0.7%) 
edges                 1809/256000       7236/1024000  ( 0.7%) 
LDR worldlights          3/65536         264/5767168  ( 0.0%) 
HDR worldlights          0/65536           0/5767168  ( 0.0%) 
leafwaterdata            0/32768           0/393216   ( 0.0%) 
waterstrips              0/32768           0/327680   ( 0.0%) 
waterverts               0/65536           0/786432   ( 0.0%) 
waterindices             0/65536           0/131072   ( 0.0%) 
cubemapsamples           0/1024            0/16384    ( 0.0%) 
overlays                 0/8192            0/2883584  ( 0.0%) 
LDR lightdata         [variable]     1453520/0        ( 0.0%) 
HDR lightdata         [variable]           0/0        ( 0.0%) 
visdata               [variable]        4564/16777216 ( 0.0%) 
entdata               [variable]        2254/393216   ( 0.6%) 
LDR ambient table      404/65536        1616/262144   ( 0.6%) 
HDR ambient table      404/65536        1616/262144   ( 0.6%) 
LDR leaf ambient       909/65536       25452/1835008  ( 1.4%) 
HDR leaf ambient       404/65536       11312/1835008  ( 0.6%) 
occluders                0/0               0/0        ( 0.0%) 
occluder polygons        0/0               0/0        ( 0.0%) 
occluder vert ind        0/0               0/0        ( 0.0%) 
detail props          [variable]           1/12       ( 8.3%) 
static props          [variable]           1/216      ( 0.5%) 
pakfile               [variable]       24722/0        ( 0.0%) 
physics               [variable]        4348/4194304  ( 0.1%) 
physics terrain       [variable]           2/1048576  ( 0.0%) 

Level flags = 1

Total triangle count: 1778
Writing c:\program files (x86)\steam\steamapps\sourcemods\peace\maps\mapsrc\tree.bsp
11 seconds elapsed
